La génération a démarré 4/25/2014 1:00:01 PM.
     1>Projet "C:\Users\dvm\Projets\CNOSSOS-EU\dev\SimpleXML\SimpleXML.vcxproj" sur le nœud 4 (rebuild cible(s)).
     1>_PrepareForClean:
         Suppression du fichier "Release\SimpleXML.lastbuildstate".
       InitializeBuildStatus:
         Création de "Release\SimpleXML.unsuccessfulbuild", car "AlwaysCreate" a été spécifié.
       ClCompile:
         c:\Program Files (x86)\Microsoft Visual Studio 10.0\VC\bin\CL.exe /c /Zi /nologo /W3 /WX- /O2 /Oi /Oy- /GL /D WIN32 /D NDEBUG /D _LIB /D _CRT_SECURE_NO_WARNINGS /D _UNICODE /D UNICODE /Gm- /EHsc /MD /GS /Gy /fp:precise /Zc:wchar_t /Zc:forScope /Fo"Release\\" /Fd"Release\vc100.pdb" /Gd /TP /analyze- /errorReport:prompt SimpleXML.cpp
         SimpleXML.cpp
         c:\Program Files (x86)\Microsoft Visual Studio 10.0\VC\bin\CL.exe /c /Zi /nologo /W3 /WX- /O2 /Oi /Oy- /GL /D WIN32 /D NDEBUG /D _LIB /D _CRT_SECURE_NO_WARNINGS /D _UNICODE /D UNICODE /Gm- /EHsc /MD /GS /Gy /fp:precise /Zc:wchar_t /Zc:forScope /Fo"Release\\" /Fd"Release\vc100.pdb" /Gd /TC /analyze- /errorReport:prompt xmlparse.c xmlrole.c xmltok.c xmltok_impl.c xmltok_ns.c
         xmlparse.c
         xmlrole.c
         xmltok.c
         xmltok_impl.c
         xmltok_ns.c
       Lib:
         c:\Program Files (x86)\Microsoft Visual Studio 10.0\VC\bin\Lib.exe /OUT:"C:\Users\dvm\Projets\CNOSSOS-EU\dev\Release\SimpleXML.lib" /NOLOGO /LTCG Release\SimpleXML.obj
         Release\xmlparse.obj
         Release\xmlrole.obj
         Release\xmltok.obj
         Release\xmltok_impl.obj
         Release\xmltok_ns.obj
         SimpleXML.vcxproj -> C:\Users\dvm\Projets\CNOSSOS-EU\dev\Release\SimpleXML.lib
       FinalizeBuildStatus:
         Suppression du fichier "Release\SimpleXML.unsuccessfulbuild".
         Mise à jour de l'horodatage "Release\SimpleXML.lastbuildstate".
     1>Génération du projet "C:\Users\dvm\Projets\CNOSSOS-EU\dev\SimpleXML\SimpleXML.vcxproj" terminée (rebuild cible(s)).

La génération a réussi.

Temps écoulé 00:00:00.64
