C:\Users\dvm\Projets\CNOSSOS-EU\dev\CnossosPropagation\Debug\cl.command.1.tlog
C:\Users\dvm\Projets\CNOSSOS-EU\dev\CnossosPropagation\Debug\CL.read.1.tlog
C:\Users\dvm\Projets\CNOSSOS-EU\dev\CnossosPropagation\Debug\CL.write.1.tlog
C:\USERS\DVM\PROJETS\CNOSSOS-EU\DEV\CNOSSOSPROPAGATION\DEBUG\CNOSSOSPROPAGATION.DLL.EMBED.MANIFEST
C:\USERS\DVM\PROJETS\CNOSSOS-EU\DEV\CNOSSOSPROPAGATION\DEBUG\CNOSSOSPROPAGATION.DLL.EMBED.MANIFEST.RES
C:\Users\dvm\Projets\CNOSSOS-EU\dev\CnossosPropagation\Debug\CnossosPropagation.dll.intermediate.manifest
C:\USERS\DVM\PROJETS\CNOSSOS-EU\DEV\CNOSSOSPROPAGATION\DEBUG\CNOSSOSPROPAGATION.OBJ
C:\USERS\DVM\PROJETS\CNOSSOS-EU\DEV\CNOSSOSPROPAGATION\DEBUG\CNOSSOSPROPAGATION.PCH
C:\Users\dvm\Projets\CNOSSOS-EU\dev\CnossosPropagation\Debug\CnossosPropagation.vcxprojResolveAssemblyReference.cache
C:\Users\dvm\Projets\CNOSSOS-EU\dev\CnossosPropagation\Debug\CnossosPropagation.write.1.tlog
C:\Users\dvm\Projets\CNOSSOS-EU\dev\CnossosPropagation\Debug\CnossosPropagation_manifest.rc
C:\USERS\DVM\PROJETS\CNOSSOS-EU\DEV\CNOSSOSPROPAGATION\DEBUG\DLLMAIN.OBJ
C:\Users\dvm\Projets\CNOSSOS-EU\dev\CnossosPropagation\Debug\link.10984.read.1.tlog
C:\Users\dvm\Projets\CNOSSOS-EU\dev\CnossosPropagation\Debug\link.10984.write.1.tlog
C:\Users\dvm\Projets\CNOSSOS-EU\dev\CnossosPropagation\Debug\link.10984-cvtres.read.1.tlog
C:\Users\dvm\Projets\CNOSSOS-EU\dev\CnossosPropagation\Debug\link.10984-cvtres.write.1.tlog
C:\Users\dvm\Projets\CNOSSOS-EU\dev\CnossosPropagation\Debug\link.10988.read.1.tlog
C:\Users\dvm\Projets\CNOSSOS-EU\dev\CnossosPropagation\Debug\link.10988.write.1.tlog
C:\Users\dvm\Projets\CNOSSOS-EU\dev\CnossosPropagation\Debug\link.10988-cvtres.read.1.tlog
C:\Users\dvm\Projets\CNOSSOS-EU\dev\CnossosPropagation\Debug\link.10988-cvtres.write.1.tlog
C:\Users\dvm\Projets\CNOSSOS-EU\dev\CnossosPropagation\Debug\link.11032.read.1.tlog
C:\Users\dvm\Projets\CNOSSOS-EU\dev\CnossosPropagation\Debug\link.11032.write.1.tlog
C:\Users\dvm\Projets\CNOSSOS-EU\dev\CnossosPropagation\Debug\link.11032-cvtres.read.1.tlog
C:\Users\dvm\Projets\CNOSSOS-EU\dev\CnossosPropagation\Debug\link.11032-cvtres.write.1.tlog
C:\Users\dvm\Projets\CNOSSOS-EU\dev\CnossosPropagation\Debug\link.12416.read.1.tlog
C:\Users\dvm\Projets\CNOSSOS-EU\dev\CnossosPropagation\Debug\link.12416.write.1.tlog
C:\Users\dvm\Projets\CNOSSOS-EU\dev\CnossosPropagation\Debug\link.12416-cvtres.read.1.tlog
C:\Users\dvm\Projets\CNOSSOS-EU\dev\CnossosPropagation\Debug\link.12416-cvtres.write.1.tlog
C:\Users\dvm\Projets\CNOSSOS-EU\dev\CnossosPropagation\Debug\link.12480.read.1.tlog
C:\Users\dvm\Projets\CNOSSOS-EU\dev\CnossosPropagation\Debug\link.12480.write.1.tlog
C:\Users\dvm\Projets\CNOSSOS-EU\dev\CnossosPropagation\Debug\link.12480-cvtres.read.1.tlog
C:\Users\dvm\Projets\CNOSSOS-EU\dev\CnossosPropagation\Debug\link.12480-cvtres.write.1.tlog
C:\Users\dvm\Projets\CNOSSOS-EU\dev\CnossosPropagation\Debug\link.12640.read.1.tlog
C:\Users\dvm\Projets\CNOSSOS-EU\dev\CnossosPropagation\Debug\link.12640.write.1.tlog
C:\Users\dvm\Projets\CNOSSOS-EU\dev\CnossosPropagation\Debug\link.12640-cvtres.read.1.tlog
C:\Users\dvm\Projets\CNOSSOS-EU\dev\CnossosPropagation\Debug\link.12640-cvtres.write.1.tlog
C:\Users\dvm\Projets\CNOSSOS-EU\dev\CnossosPropagation\Debug\link.12708.read.1.tlog
C:\Users\dvm\Projets\CNOSSOS-EU\dev\CnossosPropagation\Debug\link.12708.write.1.tlog
C:\Users\dvm\Projets\CNOSSOS-EU\dev\CnossosPropagation\Debug\link.12708-cvtres.read.1.tlog
C:\Users\dvm\Projets\CNOSSOS-EU\dev\CnossosPropagation\Debug\link.12708-cvtres.write.1.tlog
C:\Users\dvm\Projets\CNOSSOS-EU\dev\CnossosPropagation\Debug\link.13240.read.1.tlog
C:\Users\dvm\Projets\CNOSSOS-EU\dev\CnossosPropagation\Debug\link.13240.write.1.tlog
C:\Users\dvm\Projets\CNOSSOS-EU\dev\CnossosPropagation\Debug\link.13240-cvtres.read.1.tlog
C:\Users\dvm\Projets\CNOSSOS-EU\dev\CnossosPropagation\Debug\link.13240-cvtres.write.1.tlog
C:\Users\dvm\Projets\CNOSSOS-EU\dev\CnossosPropagation\Debug\link.13248.read.1.tlog
C:\Users\dvm\Projets\CNOSSOS-EU\dev\CnossosPropagation\Debug\link.13248.write.1.tlog
C:\Users\dvm\Projets\CNOSSOS-EU\dev\CnossosPropagation\Debug\link.13248-cvtres.read.1.tlog
C:\Users\dvm\Projets\CNOSSOS-EU\dev\CnossosPropagation\Debug\link.13248-cvtres.write.1.tlog
C:\Users\dvm\Projets\CNOSSOS-EU\dev\CnossosPropagation\Debug\link.14236.read.1.tlog
C:\Users\dvm\Projets\CNOSSOS-EU\dev\CnossosPropagation\Debug\link.14236.write.1.tlog
C:\Users\dvm\Projets\CNOSSOS-EU\dev\CnossosPropagation\Debug\link.14236-cvtres.read.1.tlog
C:\Users\dvm\Projets\CNOSSOS-EU\dev\CnossosPropagation\Debug\link.14236-cvtres.write.1.tlog
C:\Users\dvm\Projets\CNOSSOS-EU\dev\CnossosPropagation\Debug\link.1604.read.1.tlog
C:\Users\dvm\Projets\CNOSSOS-EU\dev\CnossosPropagation\Debug\link.1604.write.1.tlog
C:\Users\dvm\Projets\CNOSSOS-EU\dev\CnossosPropagation\Debug\link.1604-cvtres.read.1.tlog
C:\Users\dvm\Projets\CNOSSOS-EU\dev\CnossosPropagation\Debug\link.1604-cvtres.write.1.tlog
C:\Users\dvm\Projets\CNOSSOS-EU\dev\CnossosPropagation\Debug\link.2804.read.1.tlog
C:\Users\dvm\Projets\CNOSSOS-EU\dev\CnossosPropagation\Debug\link.2804.write.1.tlog
C:\Users\dvm\Projets\CNOSSOS-EU\dev\CnossosPropagation\Debug\link.2804-cvtres.read.1.tlog
C:\Users\dvm\Projets\CNOSSOS-EU\dev\CnossosPropagation\Debug\link.2804-cvtres.write.1.tlog
C:\Users\dvm\Projets\CNOSSOS-EU\dev\CnossosPropagation\Debug\link.4444.read.1.tlog
C:\Users\dvm\Projets\CNOSSOS-EU\dev\CnossosPropagation\Debug\link.4444.write.1.tlog
C:\Users\dvm\Projets\CNOSSOS-EU\dev\CnossosPropagation\Debug\link.4444-cvtres.read.1.tlog
C:\Users\dvm\Projets\CNOSSOS-EU\dev\CnossosPropagation\Debug\link.4444-cvtres.write.1.tlog
C:\Users\dvm\Projets\CNOSSOS-EU\dev\CnossosPropagation\Debug\link.5012.read.1.tlog
C:\Users\dvm\Projets\CNOSSOS-EU\dev\CnossosPropagation\Debug\link.5012.write.1.tlog
C:\Users\dvm\Projets\CNOSSOS-EU\dev\CnossosPropagation\Debug\link.5620.read.1.tlog
C:\Users\dvm\Projets\CNOSSOS-EU\dev\CnossosPropagation\Debug\link.5620.write.1.tlog
C:\Users\dvm\Projets\CNOSSOS-EU\dev\CnossosPropagation\Debug\link.5620-cvtres.read.1.tlog
C:\Users\dvm\Projets\CNOSSOS-EU\dev\CnossosPropagation\Debug\link.5620-cvtres.write.1.tlog
C:\Users\dvm\Projets\CNOSSOS-EU\dev\CnossosPropagation\Debug\link.6568.read.1.tlog
C:\Users\dvm\Projets\CNOSSOS-EU\dev\CnossosPropagation\Debug\link.6568.write.1.tlog
C:\Users\dvm\Projets\CNOSSOS-EU\dev\CnossosPropagation\Debug\link.6568-cvtres.read.1.tlog
C:\Users\dvm\Projets\CNOSSOS-EU\dev\CnossosPropagation\Debug\link.6568-cvtres.write.1.tlog
C:\Users\dvm\Projets\CNOSSOS-EU\dev\CnossosPropagation\Debug\link.6600.read.1.tlog
C:\Users\dvm\Projets\CNOSSOS-EU\dev\CnossosPropagation\Debug\link.6600.write.1.tlog
C:\Users\dvm\Projets\CNOSSOS-EU\dev\CnossosPropagation\Debug\link.6600-cvtres.read.1.tlog
C:\Users\dvm\Projets\CNOSSOS-EU\dev\CnossosPropagation\Debug\link.6600-cvtres.write.1.tlog
C:\Users\dvm\Projets\CNOSSOS-EU\dev\CnossosPropagation\Debug\link.7700.read.1.tlog
C:\Users\dvm\Projets\CNOSSOS-EU\dev\CnossosPropagation\Debug\link.7700.write.1.tlog
C:\Users\dvm\Projets\CNOSSOS-EU\dev\CnossosPropagation\Debug\link.7700-cvtres.read.1.tlog
C:\Users\dvm\Projets\CNOSSOS-EU\dev\CnossosPropagation\Debug\link.7700-cvtres.write.1.tlog
C:\Users\dvm\Projets\CNOSSOS-EU\dev\CnossosPropagation\Debug\link.8132.read.1.tlog
C:\Users\dvm\Projets\CNOSSOS-EU\dev\CnossosPropagation\Debug\link.8132.write.1.tlog
C:\Users\dvm\Projets\CNOSSOS-EU\dev\CnossosPropagation\Debug\link.8132-cvtres.read.1.tlog
C:\Users\dvm\Projets\CNOSSOS-EU\dev\CnossosPropagation\Debug\link.8132-cvtres.write.1.tlog
C:\Users\dvm\Projets\CNOSSOS-EU\dev\CnossosPropagation\Debug\link.8168.read.1.tlog
C:\Users\dvm\Projets\CNOSSOS-EU\dev\CnossosPropagation\Debug\link.8168.write.1.tlog
C:\Users\dvm\Projets\CNOSSOS-EU\dev\CnossosPropagation\Debug\link.8168-cvtres.read.1.tlog
C:\Users\dvm\Projets\CNOSSOS-EU\dev\CnossosPropagation\Debug\link.8168-cvtres.write.1.tlog
C:\Users\dvm\Projets\CNOSSOS-EU\dev\CnossosPropagation\Debug\link.8588.read.1.tlog
C:\Users\dvm\Projets\CNOSSOS-EU\dev\CnossosPropagation\Debug\link.8588.write.1.tlog
C:\Users\dvm\Projets\CNOSSOS-EU\dev\CnossosPropagation\Debug\link.8588-cvtres.read.1.tlog
C:\Users\dvm\Projets\CNOSSOS-EU\dev\CnossosPropagation\Debug\link.8588-cvtres.write.1.tlog
C:\Users\dvm\Projets\CNOSSOS-EU\dev\CnossosPropagation\Debug\link.8908.read.1.tlog
C:\Users\dvm\Projets\CNOSSOS-EU\dev\CnossosPropagation\Debug\link.8908.write.1.tlog
C:\Users\dvm\Projets\CNOSSOS-EU\dev\CnossosPropagation\Debug\link.8908-cvtres.read.1.tlog
C:\Users\dvm\Projets\CNOSSOS-EU\dev\CnossosPropagation\Debug\link.8908-cvtres.write.1.tlog
C:\Users\dvm\Projets\CNOSSOS-EU\dev\CnossosPropagation\Debug\link.9444.read.1.tlog
C:\Users\dvm\Projets\CNOSSOS-EU\dev\CnossosPropagation\Debug\link.9444.write.1.tlog
C:\Users\dvm\Projets\CNOSSOS-EU\dev\CnossosPropagation\Debug\link.9444-cvtres.read.1.tlog
C:\Users\dvm\Projets\CNOSSOS-EU\dev\CnossosPropagation\Debug\link.9444-cvtres.write.1.tlog
C:\Users\dvm\Projets\CNOSSOS-EU\dev\CnossosPropagation\Debug\link.9456.read.1.tlog
C:\Users\dvm\Projets\CNOSSOS-EU\dev\CnossosPropagation\Debug\link.9456.write.1.tlog
C:\Users\dvm\Projets\CNOSSOS-EU\dev\CnossosPropagation\Debug\link.9456-cvtres.read.1.tlog
C:\Users\dvm\Projets\CNOSSOS-EU\dev\CnossosPropagation\Debug\link.9456-cvtres.write.1.tlog
C:\Users\dvm\Projets\CNOSSOS-EU\dev\CnossosPropagation\Debug\link.9684.read.1.tlog
C:\Users\dvm\Projets\CNOSSOS-EU\dev\CnossosPropagation\Debug\link.9684.write.1.tlog
C:\Users\dvm\Projets\CNOSSOS-EU\dev\CnossosPropagation\Debug\link.9684-cvtres.read.1.tlog
C:\Users\dvm\Projets\CNOSSOS-EU\dev\CnossosPropagation\Debug\link.9684-cvtres.write.1.tlog
C:\Users\dvm\Projets\CNOSSOS-EU\dev\CnossosPropagation\Debug\link.command.1.tlog
C:\Users\dvm\Projets\CNOSSOS-EU\dev\CnossosPropagation\Debug\link.read.1.tlog
C:\Users\dvm\Projets\CNOSSOS-EU\dev\CnossosPropagation\Debug\link.write.1.tlog
C:\Users\dvm\Projets\CNOSSOS-EU\dev\CnossosPropagation\Debug\link-cvtres.read.1.tlog
C:\Users\dvm\Projets\CNOSSOS-EU\dev\CnossosPropagation\Debug\link-cvtres.write.1.tlog
C:\Users\dvm\Projets\CNOSSOS-EU\dev\CnossosPropagation\Debug\mt.command.1.tlog
C:\Users\dvm\Projets\CNOSSOS-EU\dev\CnossosPropagation\Debug\mt.read.1.tlog
C:\Users\dvm\Projets\CNOSSOS-EU\dev\CnossosPropagation\Debug\mt.write.1.tlog
C:\Users\dvm\Projets\CNOSSOS-EU\dev\CnossosPropagation\Debug\rc.command.1.tlog
C:\Users\dvm\Projets\CNOSSOS-EU\dev\CnossosPropagation\Debug\rc.read.1.tlog
C:\Users\dvm\Projets\CNOSSOS-EU\dev\CnossosPropagation\Debug\rc.write.1.tlog
C:\USERS\DVM\PROJETS\CNOSSOS-EU\DEV\CNOSSOSPROPAGATION\DEBUG\STDAFX.OBJ
C:\Users\dvm\Projets\CNOSSOS-EU\dev\CnossosPropagation\Debug\vc100.idb
C:\USERS\DVM\PROJETS\CNOSSOS-EU\DEV\CNOSSOSPROPAGATION\DEBUG\VC100.PDB
C:\Users\dvm\Projets\CNOSSOS-EU\dev\Debug\CnossosPropagation.exp
C:\Users\dvm\Projets\CNOSSOS-EU\dev\Debug\CnossosPropagation.lib
C:\Users\dvm\Projets\CNOSSOS-EU\dev\Debug\CnossosPropagation.pdb
