C:\USERS\DVM\PROJETS\CNOSSOS-EU\DEV\DEBUG\PROPAGATIONPATH.LIB
C:\USERS\DVM\PROJETS\CNOSSOS-EU\DEV\PROPAGATIONPATH\DEBUG\CALCULATIONMETHOD.OBJ
C:\Users\dvm\Projets\CNOSSOS-EU\dev\PropagationPath\Debug\cl.command.1.tlog
C:\Users\dvm\Projets\CNOSSOS-EU\dev\PropagationPath\Debug\CL.read.1.tlog
C:\Users\dvm\Projets\CNOSSOS-EU\dev\PropagationPath\Debug\CL.write.1.tlog
C:\USERS\DVM\PROJETS\CNOSSOS-EU\DEV\PROPAGATIONPATH\DEBUG\ISO-9613-2.OBJ
C:\USERS\DVM\PROJETS\CNOSSOS-EU\DEV\PROPAGATIONPATH\DEBUG\JRC-2012.OBJ
C:\USERS\DVM\PROJETS\CNOSSOS-EU\DEV\PROPAGATIONPATH\DEBUG\JRC-DRAFT-2010.OBJ
C:\Users\dvm\Projets\CNOSSOS-EU\dev\PropagationPath\Debug\lib.command.1.tlog
C:\Users\dvm\Projets\CNOSSOS-EU\dev\PropagationPath\Debug\Lib-link.read.1.tlog
C:\Users\dvm\Projets\CNOSSOS-EU\dev\PropagationPath\Debug\Lib-link.write.1.tlog
C:\USERS\DVM\PROJETS\CNOSSOS-EU\DEV\PROPAGATIONPATH\DEBUG\MATERIAL.OBJ
C:\USERS\DVM\PROJETS\CNOSSOS-EU\DEV\PROPAGATIONPATH\DEBUG\MEANPLANE.OBJ
C:\USERS\DVM\PROJETS\CNOSSOS-EU\DEV\PROPAGATIONPATH\DEBUG\METEOCONDITION.OBJ
C:\USERS\DVM\PROJETS\CNOSSOS-EU\DEV\PROPAGATIONPATH\DEBUG\PATHPARSEXML.OBJ
C:\USERS\DVM\PROJETS\CNOSSOS-EU\DEV\PROPAGATIONPATH\DEBUG\PATHRESULT.OBJ
C:\USERS\DVM\PROJETS\CNOSSOS-EU\DEV\PROPAGATIONPATH\DEBUG\PROPAGATIONPATH.OBJ
C:\Users\dvm\Projets\CNOSSOS-EU\dev\PropagationPath\Debug\PropagationPath.vcxprojResolveAssemblyReference.cache
C:\Users\dvm\Projets\CNOSSOS-EU\dev\PropagationPath\Debug\PropagationPath.write.1.tlog
C:\USERS\DVM\PROJETS\CNOSSOS-EU\DEV\PROPAGATIONPATH\DEBUG\REFERENCEOBJECT.OBJ
C:\USERS\DVM\PROJETS\CNOSSOS-EU\DEV\PROPAGATIONPATH\DEBUG\SELECTMETHOD.OBJ
C:\USERS\DVM\PROJETS\CNOSSOS-EU\DEV\PROPAGATIONPATH\DEBUG\SOURCEGEOMETRY.OBJ
C:\USERS\DVM\PROJETS\CNOSSOS-EU\DEV\PROPAGATIONPATH\DEBUG\SPECTRUM.OBJ
C:\USERS\DVM\PROJETS\CNOSSOS-EU\DEV\PROPAGATIONPATH\DEBUG\SYSTEMCLOCK.OBJ
C:\Users\dvm\Projets\CNOSSOS-EU\dev\PropagationPath\Debug\vc100.idb
C:\USERS\DVM\PROJETS\CNOSSOS-EU\DEV\PROPAGATIONPATH\DEBUG\VC100.PDB
