C:\USERS\DVM\PROJETS\CNOSSOS-EU\DEV\DEBUG\HARMONOISEP2P.BSC
C:\USERS\DVM\PROJETS\CNOSSOS-EU\DEV\DEBUG\HARMONOISEP2P.DLL
C:\Users\dvm\Projets\CNOSSOS-EU\dev\Debug\HarmonoiseP2P.exp
C:\USERS\DVM\PROJETS\CNOSSOS-EU\DEV\DEBUG\HARMONOISEP2P.ILK
C:\Users\dvm\Projets\CNOSSOS-EU\dev\Debug\HarmonoiseP2P.lib
C:\USERS\DVM\PROJETS\CNOSSOS-EU\DEV\DEBUG\HARMONOISEP2P.PDB
C:\Users\dvm\Projets\CNOSSOS-EU\dev\HarmonoiseP2P\Debug\BscMake.command.1.tlog
C:\Users\dvm\Projets\CNOSSOS-EU\dev\HarmonoiseP2P\Debug\bscmake.read.1.tlog
C:\Users\dvm\Projets\CNOSSOS-EU\dev\HarmonoiseP2P\Debug\bscmake.write.1.tlog
C:\Users\dvm\Projets\CNOSSOS-EU\dev\HarmonoiseP2P\Debug\cl.command.1.tlog
C:\Users\dvm\Projets\CNOSSOS-EU\dev\HarmonoiseP2P\Debug\CL.read.1.tlog
C:\Users\dvm\Projets\CNOSSOS-EU\dev\HarmonoiseP2P\Debug\CL.write.1.tlog
C:\USERS\DVM\PROJETS\CNOSSOS-EU\DEV\HARMONOISEP2P\DEBUG\DLLMAIN.OBJ
C:\USERS\DVM\PROJETS\CNOSSOS-EU\DEV\HARMONOISEP2P\DEBUG\DLLMAIN.SBR
C:\Users\dvm\Projets\CNOSSOS-EU\dev\HarmonoiseP2P\Debug\HarmonoiseP2P.dll.embed.manifest
C:\USERS\DVM\PROJETS\CNOSSOS-EU\DEV\HARMONOISEP2P\DEBUG\HARMONOISEP2P.DLL.EMBED.MANIFEST.RES
C:\USERS\DVM\PROJETS\CNOSSOS-EU\DEV\HARMONOISEP2P\DEBUG\HARMONOISEP2P.PCH
C:\Users\dvm\Projets\CNOSSOS-EU\dev\HarmonoiseP2P\Debug\HarmonoiseP2P.vcxprojResolveAssemblyReference.cache
C:\Users\dvm\Projets\CNOSSOS-EU\dev\HarmonoiseP2P\Debug\HarmonoiseP2P.write.1.tlog
C:\Users\dvm\Projets\CNOSSOS-EU\dev\HarmonoiseP2P\Debug\HarmonoiseP2P_manifest.rc
C:\Users\dvm\Projets\CNOSSOS-EU\dev\HarmonoiseP2P\Debug\link.command.1.tlog
C:\Users\dvm\Projets\CNOSSOS-EU\dev\HarmonoiseP2P\Debug\link.read.1.tlog
C:\Users\dvm\Projets\CNOSSOS-EU\dev\HarmonoiseP2P\Debug\link.write.1.tlog
C:\USERS\DVM\PROJETS\CNOSSOS-EU\DEV\HARMONOISEP2P\DEBUG\POINTTOPOINT.OBJ
C:\USERS\DVM\PROJETS\CNOSSOS-EU\DEV\HARMONOISEP2P\DEBUG\POINTTOPOINT.SBR
C:\Users\dvm\Projets\CNOSSOS-EU\dev\HarmonoiseP2P\Debug\rc.command.1.tlog
C:\Users\dvm\Projets\CNOSSOS-EU\dev\HarmonoiseP2P\Debug\rc.read.1.tlog
C:\Users\dvm\Projets\CNOSSOS-EU\dev\HarmonoiseP2P\Debug\rc.write.1.tlog
C:\USERS\DVM\PROJETS\CNOSSOS-EU\DEV\HARMONOISEP2P\DEBUG\STDAFX.OBJ
C:\USERS\DVM\PROJETS\CNOSSOS-EU\DEV\HARMONOISEP2P\DEBUG\STDAFX.SBR
C:\Users\dvm\Projets\CNOSSOS-EU\dev\HarmonoiseP2P\Debug\vc100.idb
C:\USERS\DVM\PROJETS\CNOSSOS-EU\DEV\HARMONOISEP2P\DEBUG\VC100.PDB
