C:\USERS\DVM\PROJETS\CNOSSOS-EU\DEV\PROPAGATIONPATH\RELEASE\CALCULATIONMETHOD.OBJ
C:\Users\dvm\Projets\CNOSSOS-EU\dev\PropagationPath\Release\cl.command.1.tlog
C:\Users\dvm\Projets\CNOSSOS-EU\dev\PropagationPath\Release\CL.read.1.tlog
C:\Users\dvm\Projets\CNOSSOS-EU\dev\PropagationPath\Release\CL.write.1.tlog
C:\USERS\DVM\PROJETS\CNOSSOS-EU\DEV\PROPAGATIONPATH\RELEASE\ISO-9613-2.OBJ
C:\USERS\DVM\PROJETS\CNOSSOS-EU\DEV\PROPAGATIONPATH\RELEASE\JRC-2012.OBJ
C:\USERS\DVM\PROJETS\CNOSSOS-EU\DEV\PROPAGATIONPATH\RELEASE\JRC-DRAFT-2010.OBJ
C:\Users\dvm\Projets\CNOSSOS-EU\dev\PropagationPath\Release\lib.command.1.tlog
C:\Users\dvm\Projets\CNOSSOS-EU\dev\PropagationPath\Release\Lib-link.read.1.tlog
C:\Users\dvm\Projets\CNOSSOS-EU\dev\PropagationPath\Release\Lib-link.write.1.tlog
C:\USERS\DVM\PROJETS\CNOSSOS-EU\DEV\PROPAGATIONPATH\RELEASE\MATERIAL.OBJ
C:\USERS\DVM\PROJETS\CNOSSOS-EU\DEV\PROPAGATIONPATH\RELEASE\MEANPLANE.OBJ
C:\USERS\DVM\PROJETS\CNOSSOS-EU\DEV\PROPAGATIONPATH\RELEASE\METEOCONDITION.OBJ
C:\USERS\DVM\PROJETS\CNOSSOS-EU\DEV\PROPAGATIONPATH\RELEASE\PATHPARSEXML.OBJ
C:\USERS\DVM\PROJETS\CNOSSOS-EU\DEV\PROPAGATIONPATH\RELEASE\PATHRESULT.OBJ
C:\USERS\DVM\PROJETS\CNOSSOS-EU\DEV\PROPAGATIONPATH\RELEASE\PROPAGATIONPATH.OBJ
C:\Users\dvm\Projets\CNOSSOS-EU\dev\PropagationPath\Release\PropagationPath.write.1.tlog
C:\USERS\DVM\PROJETS\CNOSSOS-EU\DEV\PROPAGATIONPATH\RELEASE\REFERENCEOBJECT.OBJ
C:\USERS\DVM\PROJETS\CNOSSOS-EU\DEV\PROPAGATIONPATH\RELEASE\SELECTMETHOD.OBJ
C:\USERS\DVM\PROJETS\CNOSSOS-EU\DEV\PROPAGATIONPATH\RELEASE\SOURCEGEOMETRY.OBJ
C:\USERS\DVM\PROJETS\CNOSSOS-EU\DEV\PROPAGATIONPATH\RELEASE\SPECTRUM.OBJ
C:\USERS\DVM\PROJETS\CNOSSOS-EU\DEV\PROPAGATIONPATH\RELEASE\SYSTEMCLOCK.OBJ
C:\USERS\DVM\PROJETS\CNOSSOS-EU\DEV\PROPAGATIONPATH\RELEASE\VC100.PDB
C:\USERS\DVM\PROJETS\CNOSSOS-EU\DEV\RELEASE\PROPAGATIONPATH.LIB
