La génération a démarré 5/12/2014 6:17:47 PM.
     1>Projet "C:\Users\dvm\Projets\CNOSSOS-EU\dev\Cnossos-EU\Cnossos-EU.vcxproj" sur le nœud 2 (build cible(s)).
     1>InitializeBuildStatus:
         Création de "Release\TestCnossos.unsuccessfulbuild", car "AlwaysCreate" a été spécifié.
       ClCompile:
         c:\Program Files (x86)\Microsoft Visual Studio 10.0\VC\bin\CL.exe /c /I..\PropagationPath /Zi /nologo /W3 /WX- /O2 /Oi /Oy- /GL /D WIN32 /D NDEBUG /D _CONSOLE /D _MBCS /Gm- /EHsc /MD /GS /Gy /fp:precise /Zc:wchar_t /Zc:forScope /Fo"Release\\" /Fd"Release\vc100.pdb" /Gd /TP /analyze- /errorReport:prompt CopyToClipboard.cpp TestCnossos.cpp
         CopyToClipboard.cpp
     1>CopyToClipboard.cpp(48): warning C4996: 'sprintf': This function or variable may be unsafe. Consider using sprintf_s instead. To disable deprecation, use _CRT_SECURE_NO_WARNINGS. See online help for details.
                 c:\Program Files (x86)\Microsoft Visual Studio 10.0\VC\include\stdio.h(371) : voir la déclaration de 'sprintf'
     1>CopyToClipboard.cpp(50): warning C4996: 'sprintf': This function or variable may be unsafe. Consider using sprintf_s instead. To disable deprecation, use _CRT_SECURE_NO_WARNINGS. See online help for details.
                 c:\Program Files (x86)\Microsoft Visual Studio 10.0\VC\include\stdio.h(371) : voir la déclaration de 'sprintf'
         TestCnossos.cpp
     1>TestCnossos.cpp(193): warning C4996: 'strcpy': This function or variable may be unsafe. Consider using strcpy_s instead. To disable deprecation, use _CRT_SECURE_NO_WARNINGS. See online help for details.
                 c:\Program Files (x86)\Microsoft Visual Studio 10.0\VC\include\string.h(105) : voir la déclaration de 'strcpy'
     1>TestCnossos.cpp(199): warning C4996: 'strcpy': This function or variable may be unsafe. Consider using strcpy_s instead. To disable deprecation, use _CRT_SECURE_NO_WARNINGS. See online help for details.
                 c:\Program Files (x86)\Microsoft Visual Studio 10.0\VC\include\string.h(105) : voir la déclaration de 'strcpy'
       Link:
         c:\Program Files (x86)\Microsoft Visual Studio 10.0\VC\bin\link.exe /ERRORREPORT:PROMPT /OUT:"C:\Users\dvm\Projets\CNOSSOS-EU\dev\Release\TestCnossos.exe" /INCREMENTAL:NO /NOLOGO "C:\Users\dvm\Projets\CNOSSOS-EU\dev\Release\/SimpleXML.lib" "C:\Users\dvm\Projets\CNOSSOS-EU\dev\Release\/PropagationPath.lib" "C:\Users\dvm\Projets\CNOSSOS-EU\dev\Release\/HarmonoiseP2P.lib" psapi.lib kernel32.lib user32.lib gdi32.lib winspool.lib comdlg32.lib advapi32.lib shell32.lib ole32.lib oleaut32.lib uuid.lib odbc32.lib odbccp32.lib /MANIFEST /ManifestFile:"Release\TestCnossos.exe.intermediate.manifest" /MANIFESTUAC:"level='asInvoker' uiAccess='false'" /DEBUG /PDB:"C:\Users\dvm\Projets\CNOSSOS-EU\dev\Release\TestCnossos.pdb" /SUBSYSTEM:CONSOLE /OPT:REF /OPT:ICF /LTCG /TLBID:1 /DYNAMICBASE /NXCOMPAT /IMPLIB:"C:\Users\dvm\Projets\CNOSSOS-EU\dev\Release\TestCnossos.lib" /MACHINE:X86 Release\ShowLibraries.obj
         Release\CopyToClipboard.obj
         Release\TestCnossos.obj
         Release\stdafx.obj
         Génération de code en cours
         Fin de la génération du code
         Cnossos-EU.vcxproj -> C:\Users\dvm\Projets\CNOSSOS-EU\dev\Release\TestCnossos.exe
       Manifest:
         C:\Program Files (x86)\Microsoft SDKs\Windows\v7.0A\bin\mt.exe /nologo /verbose /outputresource:"C:\Users\dvm\Projets\CNOSSOS-EU\dev\Release\TestCnossos.exe;#1" /manifest Release\TestCnossos.exe.intermediate.manifest
       FinalizeBuildStatus:
         Suppression du fichier "Release\TestCnossos.unsuccessfulbuild".
         Mise à jour de l'horodatage "Release\TestCnossos.lastbuildstate".
     1>Génération du projet "C:\Users\dvm\Projets\CNOSSOS-EU\dev\Cnossos-EU\Cnossos-EU.vcxproj" terminée (build cible(s)).

La génération a réussi.

Temps écoulé 00:00:04.21
