C:\Users\dvm\Projets\CNOSSOS-EU\dev\HarmonoiseP2P\Release\cl.command.1.tlog
C:\Users\dvm\Projets\CNOSSOS-EU\dev\HarmonoiseP2P\Release\CL.read.1.tlog
C:\Users\dvm\Projets\CNOSSOS-EU\dev\HarmonoiseP2P\Release\CL.write.1.tlog
C:\USERS\DVM\PROJETS\CNOSSOS-EU\DEV\HARMONOISEP2P\RELEASE\DLLMAIN.OBJ
C:\USERS\DVM\PROJETS\CNOSSOS-EU\DEV\HARMONOISEP2P\RELEASE\HARMONOISEP2P.DLL.INTERMEDIATE.MANIFEST
C:\USERS\DVM\PROJETS\CNOSSOS-EU\DEV\HARMONOISEP2P\RELEASE\HARMONOISEP2P.PCH
C:\Users\dvm\Projets\CNOSSOS-EU\dev\HarmonoiseP2P\Release\HarmonoiseP2P.write.1.tlog
C:\Users\dvm\Projets\CNOSSOS-EU\dev\HarmonoiseP2P\Release\link.command.1.tlog
C:\Users\dvm\Projets\CNOSSOS-EU\dev\HarmonoiseP2P\Release\link.read.1.tlog
C:\Users\dvm\Projets\CNOSSOS-EU\dev\HarmonoiseP2P\Release\link.write.1.tlog
C:\Users\dvm\Projets\CNOSSOS-EU\dev\HarmonoiseP2P\Release\mt.command.1.tlog
C:\Users\dvm\Projets\CNOSSOS-EU\dev\HarmonoiseP2P\Release\mt.read.1.tlog
C:\Users\dvm\Projets\CNOSSOS-EU\dev\HarmonoiseP2P\Release\mt.write.1.tlog
C:\USERS\DVM\PROJETS\CNOSSOS-EU\DEV\HARMONOISEP2P\RELEASE\POINTTOPOINT.OBJ
C:\USERS\DVM\PROJETS\CNOSSOS-EU\DEV\HARMONOISEP2P\RELEASE\STDAFX.OBJ
C:\USERS\DVM\PROJETS\CNOSSOS-EU\DEV\HARMONOISEP2P\RELEASE\VC100.PDB
C:\USERS\DVM\PROJETS\CNOSSOS-EU\DEV\RELEASE\HARMONOISEP2P.DLL
C:\Users\dvm\Projets\CNOSSOS-EU\dev\Release\HarmonoiseP2P.exp
C:\Users\dvm\Projets\CNOSSOS-EU\dev\Release\HarmonoiseP2P.lib
C:\USERS\DVM\PROJETS\CNOSSOS-EU\DEV\RELEASE\HARMONOISEP2P.PDB
