La génération a démarré 4/25/2014 1:11:58 PM.
     1>Projet "C:\Users\dvm\Projets\CNOSSOS-EU\dev\HarmonoiseP2P\HarmonoiseP2P.vcxproj" sur le nœud 4 (build cible(s)).
     1>InitializeBuildStatus:
         Création de "Release\HarmonoiseP2P.unsuccessfulbuild", car "AlwaysCreate" a été spécifié.
       ClCompile:
         Toutes les sorties sont à jour.
         c:\Program Files (x86)\Microsoft Visual Studio 10.0\VC\bin\CL.exe /c /Zi /nologo /W3 /WX- /Ox /Ob2 /Ot /Oy /GL /D WIN32 /D NDEBUG /D _WINDOWS /D _USRDLL /D HARMONOISEP2P_EXPORTS /D _WINDLL /D _UNICODE /D UNICODE /Gm- /MD /GS- /Gy /arch:SSE2 /fp:precise /Zc:wchar_t /Zc:forScope /Yc"StdAfx.h" /Fp"Release\HarmonoiseP2P.pch" /Fo"Release\\" /Fd"Release\vc100.pdb" /Gd /TP /analyze- /errorReport:prompt stdafx.cpp
         stdafx.cpp
         Toutes les sorties sont à jour.
         c:\Program Files (x86)\Microsoft Visual Studio 10.0\VC\bin\CL.exe /c /Zi /nologo /W3 /WX- /Ox /Ob2 /Ot /Oy /GL /D WIN32 /D NDEBUG /D _WINDOWS /D _USRDLL /D HARMONOISEP2P_EXPORTS /D _WINDLL /D _UNICODE /D UNICODE /Gm- /MD /GS- /Gy /arch:SSE2 /fp:precise /Zc:wchar_t /Zc:forScope /Fo"Release\\" /Fd"Release\vc100.pdb" /Gd /TP /analyze- /errorReport:prompt dllmain.cpp
         dllmain.cpp
         Toutes les sorties sont à jour.
         c:\Program Files (x86)\Microsoft Visual Studio 10.0\VC\bin\CL.exe /c /Zi /nologo /W3 /WX- /Ox /Ob2 /Ot /Oy /GL /D WIN32 /D NDEBUG /D _WINDOWS /D _USRDLL /D HARMONOISEP2P_EXPORTS /D _WINDLL /D _UNICODE /D UNICODE /Gm- /MD /GS- /Gy /arch:SSE2 /fp:precise /Zc:wchar_t /Zc:forScope /Fo"Release\\" /Fd"Release\vc100.pdb" /Gd /TP /analyze- /errorReport:prompt PointToPoint.cpp
         PointToPoint.cpp
     1>c:\Program Files (x86)\Microsoft Visual Studio 10.0\VC\include\xlocale(323): warning C4530: Gestionnaire d'exceptions C++ utilisé, mais les sémantiques de déroulement n'ont pas été activées. Spécifiez /EHsc
       Link:
         c:\Program Files (x86)\Microsoft Visual Studio 10.0\VC\bin\link.exe /ERRORREPORT:PROMPT /OUT:"C:\Users\dvm\Projets\CNOSSOS-EU\dev\Release\HarmonoiseP2P.dll" /INCREMENTAL:NO /NOLOGO kernel32.lib user32.lib gdi32.lib winspool.lib comdlg32.lib advapi32.lib shell32.lib ole32.lib oleaut32.lib uuid.lib odbc32.lib odbccp32.lib /MANIFEST /ManifestFile:"Release\HarmonoiseP2P.dll.intermediate.manifest" /MANIFESTUAC:"level='asInvoker' uiAccess='false'" /DEBUG /PDB:"C:\Users\dvm\Projets\CNOSSOS-EU\dev\Release\HarmonoiseP2P.pdb" /SUBSYSTEM:WINDOWS /OPT:REF /OPT:ICF /LTCG /TLBID:1 /DYNAMICBASE /NXCOMPAT /IMPLIB:"C:\Users\dvm\Projets\CNOSSOS-EU\dev\Release\HarmonoiseP2P.lib" /MACHINE:X86 /DLL Release\dllmain.obj
         Release\PointToPoint.obj
         Release\stdafx.obj
            Création de la bibliothèque C:\Users\dvm\Projets\CNOSSOS-EU\dev\Release\HarmonoiseP2P.lib et de l'objet C:\Users\dvm\Projets\CNOSSOS-EU\dev\Release\HarmonoiseP2P.exp
         Génération de code en cours
         Fin de la génération du code
         HarmonoiseP2P.vcxproj -> C:\Users\dvm\Projets\CNOSSOS-EU\dev\Release\HarmonoiseP2P.dll
       Manifest:
         C:\Program Files (x86)\Microsoft SDKs\Windows\v7.0A\bin\mt.exe /nologo /verbose /outputresource:"C:\Users\dvm\Projets\CNOSSOS-EU\dev\Release\HarmonoiseP2P.dll;#2" /manifest Release\HarmonoiseP2P.dll.intermediate.manifest
       FinalizeBuildStatus:
         Suppression du fichier "Release\HarmonoiseP2P.unsuccessfulbuild".
         Mise à jour de l'horodatage "Release\HarmonoiseP2P.lastbuildstate".
     1>Génération du projet "C:\Users\dvm\Projets\CNOSSOS-EU\dev\HarmonoiseP2P\HarmonoiseP2P.vcxproj" terminée (build cible(s)).

La génération a réussi.

Temps écoulé 00:00:01.48
