La génération a démarré 5/12/2014 6:17:36 PM.
     1>Projet "C:\Users\dvm\Projets\CNOSSOS-EU\dev\Cnossos-EU\Cnossos-EU.vcxproj" sur le nœud 2 (build cible(s)).
     1>InitializeBuildStatus:
         Création de "Debug\TestCnossos.unsuccessfulbuild", car "AlwaysCreate" a été spécifié.
       ClCompile:
         c:\Program Files (x86)\Microsoft Visual Studio 10.0\VC\bin\CL.exe /c /I../PropagationPath /ZI /nologo /W3 /WX- /Od /Oy- /D WIN32 /D _DEBUG /D _CONSOLE /D _MBCS /Gm /EHsc /RTC1 /MDd /GS /fp:precise /Zc:wchar_t /Zc:forScope /Fo"Debug\\" /Fd"Debug\vc100.pdb" /Gd /TP /analyze- /errorReport:prompt CopyToClipboard.cpp TestCnossos.cpp
         CopyToClipboard.cpp
     1>c:\users\dvm\projets\cnossos-eu\dev\cnossos-eu\copytoclipboard.cpp(48): warning C4996: 'sprintf': This function or variable may be unsafe. Consider using sprintf_s instead. To disable deprecation, use _CRT_SECURE_NO_WARNINGS. See online help for details.
                 c:\program files (x86)\microsoft visual studio 10.0\vc\include\stdio.h(371) : voir la déclaration de 'sprintf'
     1>c:\users\dvm\projets\cnossos-eu\dev\cnossos-eu\copytoclipboard.cpp(50): warning C4996: 'sprintf': This function or variable may be unsafe. Consider using sprintf_s instead. To disable deprecation, use _CRT_SECURE_NO_WARNINGS. See online help for details.
                 c:\program files (x86)\microsoft visual studio 10.0\vc\include\stdio.h(371) : voir la déclaration de 'sprintf'
         Génération de code en cours...
         Compilation en cours...
         TestCnossos.cpp
     1>c:\users\dvm\projets\cnossos-eu\dev\cnossos-eu\testcnossos.cpp(193): warning C4996: 'strcpy': This function or variable may be unsafe. Consider using strcpy_s instead. To disable deprecation, use _CRT_SECURE_NO_WARNINGS. See online help for details.
                 c:\program files (x86)\microsoft visual studio 10.0\vc\include\string.h(105) : voir la déclaration de 'strcpy'
     1>c:\users\dvm\projets\cnossos-eu\dev\cnossos-eu\testcnossos.cpp(199): warning C4996: 'strcpy': This function or variable may be unsafe. Consider using strcpy_s instead. To disable deprecation, use _CRT_SECURE_NO_WARNINGS. See online help for details.
                 c:\program files (x86)\microsoft visual studio 10.0\vc\include\string.h(105) : voir la déclaration de 'strcpy'
         Génération de code en cours...
       Link:
         c:\Program Files (x86)\Microsoft Visual Studio 10.0\VC\bin\link.exe /ERRORREPORT:PROMPT /OUT:"C:\Users\dvm\Projets\CNOSSOS-EU\dev\Debug\TestCnossos.exe" /INCREMENTAL /NOLOGO "C:\Users\dvm\Projets\CNOSSOS-EU\dev\Debug\/SimpleXML.lib" "C:\Users\dvm\Projets\CNOSSOS-EU\dev\Debug\/PropagationPath.lib" "C:\Users\dvm\Projets\CNOSSOS-EU\dev\Debug\/HarmonoiseP2P.lib" kernel32.lib user32.lib gdi32.lib winspool.lib comdlg32.lib advapi32.lib shell32.lib ole32.lib oleaut32.lib uuid.lib odbc32.lib odbccp32.lib /MANIFEST:NO /DEBUG /PDB:"C:\Users\dvm\Projets\CNOSSOS-EU\dev\Debug\TestCnossos.pdb" /SUBSYSTEM:CONSOLE /TLBID:1 /DYNAMICBASE /NXCOMPAT /IMPLIB:"C:\Users\dvm\Projets\CNOSSOS-EU\dev\Debug\TestCnossos.lib" /MACHINE:X86 Debug\ShowLibraries.obj
         Debug\CopyToClipboard.obj
         Debug\TestCnossos.obj
         Debug\stdafx.obj
         Cnossos-EU.vcxproj -> C:\Users\dvm\Projets\CNOSSOS-EU\dev\Debug\TestCnossos.exe
       FinalizeBuildStatus:
         Suppression du fichier "Debug\TestCnossos.unsuccessfulbuild".
         Mise à jour de l'horodatage "Debug\TestCnossos.lastbuildstate".
     1>Génération du projet "C:\Users\dvm\Projets\CNOSSOS-EU\dev\Cnossos-EU\Cnossos-EU.vcxproj" terminée (build cible(s)).

La génération a réussi.

Temps écoulé 00:00:02.66
