C:\Users\dvm\Projets\CNOSSOS-EU\dev\Cnossos-EU\Cnossos-EU\Debug\cl.command.1.tlog
C:\Users\dvm\Projets\CNOSSOS-EU\dev\Cnossos-EU\Cnossos-EU\Debug\CL.read.1.tlog
C:\Users\dvm\Projets\CNOSSOS-EU\dev\Cnossos-EU\Cnossos-EU\Debug\CL.write.1.tlog
C:\USERS\DVM\PROJETS\CNOSSOS-EU\DEV\CNOSSOS-EU\CNOSSOS-EU\DEBUG\CNOSSOS-EU.EXE.EMBED.MANIFEST
C:\USERS\DVM\PROJETS\CNOSSOS-EU\DEV\CNOSSOS-EU\CNOSSOS-EU\DEBUG\CNOSSOS-EU.EXE.EMBED.MANIFEST.RES
C:\Users\dvm\Projets\CNOSSOS-EU\dev\Cnossos-EU\Cnossos-EU\Debug\Cnossos-EU.exe.intermediate.manifest
C:\USERS\DVM\PROJETS\CNOSSOS-EU\DEV\CNOSSOS-EU\CNOSSOS-EU\DEBUG\CNOSSOS-EU.OBJ
C:\Users\dvm\Projets\CNOSSOS-EU\dev\Cnossos-EU\Cnossos-EU\Debug\Cnossos-EU_manifest.rc
C:\Users\dvm\Projets\CNOSSOS-EU\dev\Cnossos-EU\Cnossos-EU\Debug\link.1144.read.1.tlog
C:\Users\dvm\Projets\CNOSSOS-EU\dev\Cnossos-EU\Cnossos-EU\Debug\link.1144.write.1.tlog
C:\Users\dvm\Projets\CNOSSOS-EU\dev\Cnossos-EU\Cnossos-EU\Debug\link.1144-cvtres.read.1.tlog
C:\Users\dvm\Projets\CNOSSOS-EU\dev\Cnossos-EU\Cnossos-EU\Debug\link.1144-cvtres.write.1.tlog
C:\Users\dvm\Projets\CNOSSOS-EU\dev\Cnossos-EU\Cnossos-EU\Debug\link.1304.read.1.tlog
C:\Users\dvm\Projets\CNOSSOS-EU\dev\Cnossos-EU\Cnossos-EU\Debug\link.1304.write.1.tlog
C:\Users\dvm\Projets\CNOSSOS-EU\dev\Cnossos-EU\Cnossos-EU\Debug\link.1304-cvtres.read.1.tlog
C:\Users\dvm\Projets\CNOSSOS-EU\dev\Cnossos-EU\Cnossos-EU\Debug\link.1304-cvtres.write.1.tlog
C:\Users\dvm\Projets\CNOSSOS-EU\dev\Cnossos-EU\Cnossos-EU\Debug\link.1372.read.1.tlog
C:\Users\dvm\Projets\CNOSSOS-EU\dev\Cnossos-EU\Cnossos-EU\Debug\link.1372.write.1.tlog
C:\Users\dvm\Projets\CNOSSOS-EU\dev\Cnossos-EU\Cnossos-EU\Debug\link.1372-cvtres.read.1.tlog
C:\Users\dvm\Projets\CNOSSOS-EU\dev\Cnossos-EU\Cnossos-EU\Debug\link.1372-cvtres.write.1.tlog
C:\Users\dvm\Projets\CNOSSOS-EU\dev\Cnossos-EU\Cnossos-EU\Debug\link.1420.read.1.tlog
C:\Users\dvm\Projets\CNOSSOS-EU\dev\Cnossos-EU\Cnossos-EU\Debug\link.1420.write.1.tlog
C:\Users\dvm\Projets\CNOSSOS-EU\dev\Cnossos-EU\Cnossos-EU\Debug\link.1420-cvtres.read.1.tlog
C:\Users\dvm\Projets\CNOSSOS-EU\dev\Cnossos-EU\Cnossos-EU\Debug\link.1420-cvtres.write.1.tlog
C:\Users\dvm\Projets\CNOSSOS-EU\dev\Cnossos-EU\Cnossos-EU\Debug\link.1656.read.1.tlog
C:\Users\dvm\Projets\CNOSSOS-EU\dev\Cnossos-EU\Cnossos-EU\Debug\link.1656.write.1.tlog
C:\Users\dvm\Projets\CNOSSOS-EU\dev\Cnossos-EU\Cnossos-EU\Debug\link.1656-cvtres.read.1.tlog
C:\Users\dvm\Projets\CNOSSOS-EU\dev\Cnossos-EU\Cnossos-EU\Debug\link.1656-cvtres.write.1.tlog
C:\Users\dvm\Projets\CNOSSOS-EU\dev\Cnossos-EU\Cnossos-EU\Debug\link.1684.read.1.tlog
C:\Users\dvm\Projets\CNOSSOS-EU\dev\Cnossos-EU\Cnossos-EU\Debug\link.1684.write.1.tlog
C:\Users\dvm\Projets\CNOSSOS-EU\dev\Cnossos-EU\Cnossos-EU\Debug\link.1684-cvtres.read.1.tlog
C:\Users\dvm\Projets\CNOSSOS-EU\dev\Cnossos-EU\Cnossos-EU\Debug\link.1684-cvtres.write.1.tlog
C:\Users\dvm\Projets\CNOSSOS-EU\dev\Cnossos-EU\Cnossos-EU\Debug\link.1768.read.1.tlog
C:\Users\dvm\Projets\CNOSSOS-EU\dev\Cnossos-EU\Cnossos-EU\Debug\link.1768.write.1.tlog
C:\Users\dvm\Projets\CNOSSOS-EU\dev\Cnossos-EU\Cnossos-EU\Debug\link.1768-cvtres.read.1.tlog
C:\Users\dvm\Projets\CNOSSOS-EU\dev\Cnossos-EU\Cnossos-EU\Debug\link.1768-cvtres.write.1.tlog
C:\Users\dvm\Projets\CNOSSOS-EU\dev\Cnossos-EU\Cnossos-EU\Debug\link.1828.read.1.tlog
C:\Users\dvm\Projets\CNOSSOS-EU\dev\Cnossos-EU\Cnossos-EU\Debug\link.1828.write.1.tlog
C:\Users\dvm\Projets\CNOSSOS-EU\dev\Cnossos-EU\Cnossos-EU\Debug\link.1828-cvtres.read.1.tlog
C:\Users\dvm\Projets\CNOSSOS-EU\dev\Cnossos-EU\Cnossos-EU\Debug\link.1828-cvtres.write.1.tlog
C:\Users\dvm\Projets\CNOSSOS-EU\dev\Cnossos-EU\Cnossos-EU\Debug\link.2052.read.1.tlog
C:\Users\dvm\Projets\CNOSSOS-EU\dev\Cnossos-EU\Cnossos-EU\Debug\link.2052.write.1.tlog
C:\Users\dvm\Projets\CNOSSOS-EU\dev\Cnossos-EU\Cnossos-EU\Debug\link.2052-cvtres.read.1.tlog
C:\Users\dvm\Projets\CNOSSOS-EU\dev\Cnossos-EU\Cnossos-EU\Debug\link.2052-cvtres.write.1.tlog
C:\Users\dvm\Projets\CNOSSOS-EU\dev\Cnossos-EU\Cnossos-EU\Debug\link.2256.read.1.tlog
C:\Users\dvm\Projets\CNOSSOS-EU\dev\Cnossos-EU\Cnossos-EU\Debug\link.2256.write.1.tlog
C:\Users\dvm\Projets\CNOSSOS-EU\dev\Cnossos-EU\Cnossos-EU\Debug\link.2256-cvtres.read.1.tlog
C:\Users\dvm\Projets\CNOSSOS-EU\dev\Cnossos-EU\Cnossos-EU\Debug\link.2256-cvtres.write.1.tlog
C:\Users\dvm\Projets\CNOSSOS-EU\dev\Cnossos-EU\Cnossos-EU\Debug\link.2584.read.1.tlog
C:\Users\dvm\Projets\CNOSSOS-EU\dev\Cnossos-EU\Cnossos-EU\Debug\link.2584.write.1.tlog
C:\Users\dvm\Projets\CNOSSOS-EU\dev\Cnossos-EU\Cnossos-EU\Debug\link.2584-cvtres.read.1.tlog
C:\Users\dvm\Projets\CNOSSOS-EU\dev\Cnossos-EU\Cnossos-EU\Debug\link.2584-cvtres.write.1.tlog
C:\Users\dvm\Projets\CNOSSOS-EU\dev\Cnossos-EU\Cnossos-EU\Debug\link.2616.read.1.tlog
C:\Users\dvm\Projets\CNOSSOS-EU\dev\Cnossos-EU\Cnossos-EU\Debug\link.2616.write.1.tlog
C:\Users\dvm\Projets\CNOSSOS-EU\dev\Cnossos-EU\Cnossos-EU\Debug\link.2616-cvtres.read.1.tlog
C:\Users\dvm\Projets\CNOSSOS-EU\dev\Cnossos-EU\Cnossos-EU\Debug\link.2616-cvtres.write.1.tlog
C:\Users\dvm\Projets\CNOSSOS-EU\dev\Cnossos-EU\Cnossos-EU\Debug\link.2620.read.1.tlog
C:\Users\dvm\Projets\CNOSSOS-EU\dev\Cnossos-EU\Cnossos-EU\Debug\link.2620.write.1.tlog
C:\Users\dvm\Projets\CNOSSOS-EU\dev\Cnossos-EU\Cnossos-EU\Debug\link.2620-cvtres.read.1.tlog
C:\Users\dvm\Projets\CNOSSOS-EU\dev\Cnossos-EU\Cnossos-EU\Debug\link.2620-cvtres.write.1.tlog
C:\Users\dvm\Projets\CNOSSOS-EU\dev\Cnossos-EU\Cnossos-EU\Debug\link.2632.read.1.tlog
C:\Users\dvm\Projets\CNOSSOS-EU\dev\Cnossos-EU\Cnossos-EU\Debug\link.2632.write.1.tlog
C:\Users\dvm\Projets\CNOSSOS-EU\dev\Cnossos-EU\Cnossos-EU\Debug\link.2632-cvtres.read.1.tlog
C:\Users\dvm\Projets\CNOSSOS-EU\dev\Cnossos-EU\Cnossos-EU\Debug\link.2632-cvtres.write.1.tlog
C:\Users\dvm\Projets\CNOSSOS-EU\dev\Cnossos-EU\Cnossos-EU\Debug\link.2720.read.1.tlog
C:\Users\dvm\Projets\CNOSSOS-EU\dev\Cnossos-EU\Cnossos-EU\Debug\link.2720.write.1.tlog
C:\Users\dvm\Projets\CNOSSOS-EU\dev\Cnossos-EU\Cnossos-EU\Debug\link.2720-cvtres.read.1.tlog
C:\Users\dvm\Projets\CNOSSOS-EU\dev\Cnossos-EU\Cnossos-EU\Debug\link.2720-cvtres.write.1.tlog
C:\Users\dvm\Projets\CNOSSOS-EU\dev\Cnossos-EU\Cnossos-EU\Debug\link.2868.read.1.tlog
C:\Users\dvm\Projets\CNOSSOS-EU\dev\Cnossos-EU\Cnossos-EU\Debug\link.2868.write.1.tlog
C:\Users\dvm\Projets\CNOSSOS-EU\dev\Cnossos-EU\Cnossos-EU\Debug\link.2868-cvtres.read.1.tlog
C:\Users\dvm\Projets\CNOSSOS-EU\dev\Cnossos-EU\Cnossos-EU\Debug\link.2868-cvtres.write.1.tlog
C:\Users\dvm\Projets\CNOSSOS-EU\dev\Cnossos-EU\Cnossos-EU\Debug\link.2944.read.1.tlog
C:\Users\dvm\Projets\CNOSSOS-EU\dev\Cnossos-EU\Cnossos-EU\Debug\link.2944.write.1.tlog
C:\Users\dvm\Projets\CNOSSOS-EU\dev\Cnossos-EU\Cnossos-EU\Debug\link.2944-cvtres.read.1.tlog
C:\Users\dvm\Projets\CNOSSOS-EU\dev\Cnossos-EU\Cnossos-EU\Debug\link.2944-cvtres.write.1.tlog
C:\Users\dvm\Projets\CNOSSOS-EU\dev\Cnossos-EU\Cnossos-EU\Debug\link.3048.read.1.tlog
C:\Users\dvm\Projets\CNOSSOS-EU\dev\Cnossos-EU\Cnossos-EU\Debug\link.3048.write.1.tlog
C:\Users\dvm\Projets\CNOSSOS-EU\dev\Cnossos-EU\Cnossos-EU\Debug\link.3048-cvtres.read.1.tlog
C:\Users\dvm\Projets\CNOSSOS-EU\dev\Cnossos-EU\Cnossos-EU\Debug\link.3048-cvtres.write.1.tlog
C:\Users\dvm\Projets\CNOSSOS-EU\dev\Cnossos-EU\Cnossos-EU\Debug\link.3188.read.1.tlog
C:\Users\dvm\Projets\CNOSSOS-EU\dev\Cnossos-EU\Cnossos-EU\Debug\link.3188.write.1.tlog
C:\Users\dvm\Projets\CNOSSOS-EU\dev\Cnossos-EU\Cnossos-EU\Debug\link.3188-cvtres.read.1.tlog
C:\Users\dvm\Projets\CNOSSOS-EU\dev\Cnossos-EU\Cnossos-EU\Debug\link.3188-cvtres.write.1.tlog
C:\Users\dvm\Projets\CNOSSOS-EU\dev\Cnossos-EU\Cnossos-EU\Debug\link.3244.read.1.tlog
C:\Users\dvm\Projets\CNOSSOS-EU\dev\Cnossos-EU\Cnossos-EU\Debug\link.3244.write.1.tlog
C:\Users\dvm\Projets\CNOSSOS-EU\dev\Cnossos-EU\Cnossos-EU\Debug\link.3244-cvtres.read.1.tlog
C:\Users\dvm\Projets\CNOSSOS-EU\dev\Cnossos-EU\Cnossos-EU\Debug\link.3244-cvtres.write.1.tlog
C:\Users\dvm\Projets\CNOSSOS-EU\dev\Cnossos-EU\Cnossos-EU\Debug\link.3296.read.1.tlog
C:\Users\dvm\Projets\CNOSSOS-EU\dev\Cnossos-EU\Cnossos-EU\Debug\link.3296.write.1.tlog
C:\Users\dvm\Projets\CNOSSOS-EU\dev\Cnossos-EU\Cnossos-EU\Debug\link.3296-cvtres.read.1.tlog
C:\Users\dvm\Projets\CNOSSOS-EU\dev\Cnossos-EU\Cnossos-EU\Debug\link.3296-cvtres.write.1.tlog
C:\Users\dvm\Projets\CNOSSOS-EU\dev\Cnossos-EU\Cnossos-EU\Debug\link.3444.read.1.tlog
C:\Users\dvm\Projets\CNOSSOS-EU\dev\Cnossos-EU\Cnossos-EU\Debug\link.3444.write.1.tlog
C:\Users\dvm\Projets\CNOSSOS-EU\dev\Cnossos-EU\Cnossos-EU\Debug\link.3444-cvtres.read.1.tlog
C:\Users\dvm\Projets\CNOSSOS-EU\dev\Cnossos-EU\Cnossos-EU\Debug\link.3444-cvtres.write.1.tlog
C:\Users\dvm\Projets\CNOSSOS-EU\dev\Cnossos-EU\Cnossos-EU\Debug\link.3472.read.1.tlog
C:\Users\dvm\Projets\CNOSSOS-EU\dev\Cnossos-EU\Cnossos-EU\Debug\link.3472.write.1.tlog
C:\Users\dvm\Projets\CNOSSOS-EU\dev\Cnossos-EU\Cnossos-EU\Debug\link.3472-cvtres.read.1.tlog
C:\Users\dvm\Projets\CNOSSOS-EU\dev\Cnossos-EU\Cnossos-EU\Debug\link.3472-cvtres.write.1.tlog
C:\Users\dvm\Projets\CNOSSOS-EU\dev\Cnossos-EU\Cnossos-EU\Debug\link.3476.read.1.tlog
C:\Users\dvm\Projets\CNOSSOS-EU\dev\Cnossos-EU\Cnossos-EU\Debug\link.3476.write.1.tlog
C:\Users\dvm\Projets\CNOSSOS-EU\dev\Cnossos-EU\Cnossos-EU\Debug\link.3476-cvtres.read.1.tlog
C:\Users\dvm\Projets\CNOSSOS-EU\dev\Cnossos-EU\Cnossos-EU\Debug\link.3476-cvtres.write.1.tlog
C:\Users\dvm\Projets\CNOSSOS-EU\dev\Cnossos-EU\Cnossos-EU\Debug\link.3600.read.1.tlog
C:\Users\dvm\Projets\CNOSSOS-EU\dev\Cnossos-EU\Cnossos-EU\Debug\link.3600.write.1.tlog
C:\Users\dvm\Projets\CNOSSOS-EU\dev\Cnossos-EU\Cnossos-EU\Debug\link.3600-cvtres.read.1.tlog
C:\Users\dvm\Projets\CNOSSOS-EU\dev\Cnossos-EU\Cnossos-EU\Debug\link.3600-cvtres.write.1.tlog
C:\Users\dvm\Projets\CNOSSOS-EU\dev\Cnossos-EU\Cnossos-EU\Debug\link.3612.read.1.tlog
C:\Users\dvm\Projets\CNOSSOS-EU\dev\Cnossos-EU\Cnossos-EU\Debug\link.3612.write.1.tlog
C:\Users\dvm\Projets\CNOSSOS-EU\dev\Cnossos-EU\Cnossos-EU\Debug\link.3612-cvtres.read.1.tlog
C:\Users\dvm\Projets\CNOSSOS-EU\dev\Cnossos-EU\Cnossos-EU\Debug\link.3612-cvtres.write.1.tlog
C:\Users\dvm\Projets\CNOSSOS-EU\dev\Cnossos-EU\Cnossos-EU\Debug\link.3704.read.1.tlog
C:\Users\dvm\Projets\CNOSSOS-EU\dev\Cnossos-EU\Cnossos-EU\Debug\link.3704.write.1.tlog
C:\Users\dvm\Projets\CNOSSOS-EU\dev\Cnossos-EU\Cnossos-EU\Debug\link.3704-cvtres.read.1.tlog
C:\Users\dvm\Projets\CNOSSOS-EU\dev\Cnossos-EU\Cnossos-EU\Debug\link.3704-cvtres.write.1.tlog
C:\Users\dvm\Projets\CNOSSOS-EU\dev\Cnossos-EU\Cnossos-EU\Debug\link.3712.read.1.tlog
C:\Users\dvm\Projets\CNOSSOS-EU\dev\Cnossos-EU\Cnossos-EU\Debug\link.3712.write.1.tlog
C:\Users\dvm\Projets\CNOSSOS-EU\dev\Cnossos-EU\Cnossos-EU\Debug\link.3712-cvtres.read.1.tlog
C:\Users\dvm\Projets\CNOSSOS-EU\dev\Cnossos-EU\Cnossos-EU\Debug\link.3712-cvtres.write.1.tlog
C:\Users\dvm\Projets\CNOSSOS-EU\dev\Cnossos-EU\Cnossos-EU\Debug\link.3928.read.1.tlog
C:\Users\dvm\Projets\CNOSSOS-EU\dev\Cnossos-EU\Cnossos-EU\Debug\link.3928.write.1.tlog
C:\Users\dvm\Projets\CNOSSOS-EU\dev\Cnossos-EU\Cnossos-EU\Debug\link.3928-cvtres.read.1.tlog
C:\Users\dvm\Projets\CNOSSOS-EU\dev\Cnossos-EU\Cnossos-EU\Debug\link.3928-cvtres.write.1.tlog
C:\Users\dvm\Projets\CNOSSOS-EU\dev\Cnossos-EU\Cnossos-EU\Debug\link.3936.read.1.tlog
C:\Users\dvm\Projets\CNOSSOS-EU\dev\Cnossos-EU\Cnossos-EU\Debug\link.3936.write.1.tlog
C:\Users\dvm\Projets\CNOSSOS-EU\dev\Cnossos-EU\Cnossos-EU\Debug\link.3936-cvtres.read.1.tlog
C:\Users\dvm\Projets\CNOSSOS-EU\dev\Cnossos-EU\Cnossos-EU\Debug\link.3936-cvtres.write.1.tlog
C:\Users\dvm\Projets\CNOSSOS-EU\dev\Cnossos-EU\Cnossos-EU\Debug\link.4004.read.1.tlog
C:\Users\dvm\Projets\CNOSSOS-EU\dev\Cnossos-EU\Cnossos-EU\Debug\link.4004.write.1.tlog
C:\Users\dvm\Projets\CNOSSOS-EU\dev\Cnossos-EU\Cnossos-EU\Debug\link.4004-cvtres.read.1.tlog
C:\Users\dvm\Projets\CNOSSOS-EU\dev\Cnossos-EU\Cnossos-EU\Debug\link.4004-cvtres.write.1.tlog
C:\Users\dvm\Projets\CNOSSOS-EU\dev\Cnossos-EU\Cnossos-EU\Debug\link.4032.read.1.tlog
C:\Users\dvm\Projets\CNOSSOS-EU\dev\Cnossos-EU\Cnossos-EU\Debug\link.4032.write.1.tlog
C:\Users\dvm\Projets\CNOSSOS-EU\dev\Cnossos-EU\Cnossos-EU\Debug\link.4032-cvtres.read.1.tlog
C:\Users\dvm\Projets\CNOSSOS-EU\dev\Cnossos-EU\Cnossos-EU\Debug\link.4032-cvtres.write.1.tlog
C:\Users\dvm\Projets\CNOSSOS-EU\dev\Cnossos-EU\Cnossos-EU\Debug\link.4108.read.1.tlog
C:\Users\dvm\Projets\CNOSSOS-EU\dev\Cnossos-EU\Cnossos-EU\Debug\link.4108.write.1.tlog
C:\Users\dvm\Projets\CNOSSOS-EU\dev\Cnossos-EU\Cnossos-EU\Debug\link.4108-cvtres.read.1.tlog
C:\Users\dvm\Projets\CNOSSOS-EU\dev\Cnossos-EU\Cnossos-EU\Debug\link.4108-cvtres.write.1.tlog
C:\Users\dvm\Projets\CNOSSOS-EU\dev\Cnossos-EU\Cnossos-EU\Debug\link.4140.read.1.tlog
C:\Users\dvm\Projets\CNOSSOS-EU\dev\Cnossos-EU\Cnossos-EU\Debug\link.4140.write.1.tlog
C:\Users\dvm\Projets\CNOSSOS-EU\dev\Cnossos-EU\Cnossos-EU\Debug\link.4140-cvtres.read.1.tlog
C:\Users\dvm\Projets\CNOSSOS-EU\dev\Cnossos-EU\Cnossos-EU\Debug\link.4140-cvtres.write.1.tlog
C:\Users\dvm\Projets\CNOSSOS-EU\dev\Cnossos-EU\Cnossos-EU\Debug\link.4192.read.1.tlog
C:\Users\dvm\Projets\CNOSSOS-EU\dev\Cnossos-EU\Cnossos-EU\Debug\link.4192.write.1.tlog
C:\Users\dvm\Projets\CNOSSOS-EU\dev\Cnossos-EU\Cnossos-EU\Debug\link.4192-cvtres.read.1.tlog
C:\Users\dvm\Projets\CNOSSOS-EU\dev\Cnossos-EU\Cnossos-EU\Debug\link.4192-cvtres.write.1.tlog
C:\Users\dvm\Projets\CNOSSOS-EU\dev\Cnossos-EU\Cnossos-EU\Debug\link.4352.read.1.tlog
C:\Users\dvm\Projets\CNOSSOS-EU\dev\Cnossos-EU\Cnossos-EU\Debug\link.4352.write.1.tlog
C:\Users\dvm\Projets\CNOSSOS-EU\dev\Cnossos-EU\Cnossos-EU\Debug\link.4352-cvtres.read.1.tlog
C:\Users\dvm\Projets\CNOSSOS-EU\dev\Cnossos-EU\Cnossos-EU\Debug\link.4352-cvtres.write.1.tlog
C:\Users\dvm\Projets\CNOSSOS-EU\dev\Cnossos-EU\Cnossos-EU\Debug\link.4508.read.1.tlog
C:\Users\dvm\Projets\CNOSSOS-EU\dev\Cnossos-EU\Cnossos-EU\Debug\link.4508.write.1.tlog
C:\Users\dvm\Projets\CNOSSOS-EU\dev\Cnossos-EU\Cnossos-EU\Debug\link.4508-cvtres.read.1.tlog
C:\Users\dvm\Projets\CNOSSOS-EU\dev\Cnossos-EU\Cnossos-EU\Debug\link.4508-cvtres.write.1.tlog
C:\Users\dvm\Projets\CNOSSOS-EU\dev\Cnossos-EU\Cnossos-EU\Debug\link.4520.read.1.tlog
C:\Users\dvm\Projets\CNOSSOS-EU\dev\Cnossos-EU\Cnossos-EU\Debug\link.4520.write.1.tlog
C:\Users\dvm\Projets\CNOSSOS-EU\dev\Cnossos-EU\Cnossos-EU\Debug\link.4520-cvtres.read.1.tlog
C:\Users\dvm\Projets\CNOSSOS-EU\dev\Cnossos-EU\Cnossos-EU\Debug\link.4520-cvtres.write.1.tlog
C:\Users\dvm\Projets\CNOSSOS-EU\dev\Cnossos-EU\Cnossos-EU\Debug\link.4524.read.1.tlog
C:\Users\dvm\Projets\CNOSSOS-EU\dev\Cnossos-EU\Cnossos-EU\Debug\link.4524.write.1.tlog
C:\Users\dvm\Projets\CNOSSOS-EU\dev\Cnossos-EU\Cnossos-EU\Debug\link.4524-cvtres.read.1.tlog
C:\Users\dvm\Projets\CNOSSOS-EU\dev\Cnossos-EU\Cnossos-EU\Debug\link.4524-cvtres.write.1.tlog
C:\Users\dvm\Projets\CNOSSOS-EU\dev\Cnossos-EU\Cnossos-EU\Debug\link.4544.read.1.tlog
C:\Users\dvm\Projets\CNOSSOS-EU\dev\Cnossos-EU\Cnossos-EU\Debug\link.4544.write.1.tlog
C:\Users\dvm\Projets\CNOSSOS-EU\dev\Cnossos-EU\Cnossos-EU\Debug\link.4544-cvtres.read.1.tlog
C:\Users\dvm\Projets\CNOSSOS-EU\dev\Cnossos-EU\Cnossos-EU\Debug\link.4544-cvtres.write.1.tlog
C:\Users\dvm\Projets\CNOSSOS-EU\dev\Cnossos-EU\Cnossos-EU\Debug\link.4648.read.1.tlog
C:\Users\dvm\Projets\CNOSSOS-EU\dev\Cnossos-EU\Cnossos-EU\Debug\link.4648.write.1.tlog
C:\Users\dvm\Projets\CNOSSOS-EU\dev\Cnossos-EU\Cnossos-EU\Debug\link.4648-cvtres.read.1.tlog
C:\Users\dvm\Projets\CNOSSOS-EU\dev\Cnossos-EU\Cnossos-EU\Debug\link.4648-cvtres.write.1.tlog
C:\Users\dvm\Projets\CNOSSOS-EU\dev\Cnossos-EU\Cnossos-EU\Debug\link.4752.read.1.tlog
C:\Users\dvm\Projets\CNOSSOS-EU\dev\Cnossos-EU\Cnossos-EU\Debug\link.4752.write.1.tlog
C:\Users\dvm\Projets\CNOSSOS-EU\dev\Cnossos-EU\Cnossos-EU\Debug\link.4752-cvtres.read.1.tlog
C:\Users\dvm\Projets\CNOSSOS-EU\dev\Cnossos-EU\Cnossos-EU\Debug\link.4752-cvtres.write.1.tlog
C:\Users\dvm\Projets\CNOSSOS-EU\dev\Cnossos-EU\Cnossos-EU\Debug\link.4768.read.1.tlog
C:\Users\dvm\Projets\CNOSSOS-EU\dev\Cnossos-EU\Cnossos-EU\Debug\link.4768.write.1.tlog
C:\Users\dvm\Projets\CNOSSOS-EU\dev\Cnossos-EU\Cnossos-EU\Debug\link.4768-cvtres.read.1.tlog
C:\Users\dvm\Projets\CNOSSOS-EU\dev\Cnossos-EU\Cnossos-EU\Debug\link.4768-cvtres.write.1.tlog
C:\Users\dvm\Projets\CNOSSOS-EU\dev\Cnossos-EU\Cnossos-EU\Debug\link.4784.read.1.tlog
C:\Users\dvm\Projets\CNOSSOS-EU\dev\Cnossos-EU\Cnossos-EU\Debug\link.4784.write.1.tlog
C:\Users\dvm\Projets\CNOSSOS-EU\dev\Cnossos-EU\Cnossos-EU\Debug\link.4784-cvtres.read.1.tlog
C:\Users\dvm\Projets\CNOSSOS-EU\dev\Cnossos-EU\Cnossos-EU\Debug\link.4784-cvtres.write.1.tlog
C:\Users\dvm\Projets\CNOSSOS-EU\dev\Cnossos-EU\Cnossos-EU\Debug\link.4872.read.1.tlog
C:\Users\dvm\Projets\CNOSSOS-EU\dev\Cnossos-EU\Cnossos-EU\Debug\link.4872.write.1.tlog
C:\Users\dvm\Projets\CNOSSOS-EU\dev\Cnossos-EU\Cnossos-EU\Debug\link.4872-cvtres.read.1.tlog
C:\Users\dvm\Projets\CNOSSOS-EU\dev\Cnossos-EU\Cnossos-EU\Debug\link.4872-cvtres.write.1.tlog
C:\Users\dvm\Projets\CNOSSOS-EU\dev\Cnossos-EU\Cnossos-EU\Debug\link.4920.read.1.tlog
C:\Users\dvm\Projets\CNOSSOS-EU\dev\Cnossos-EU\Cnossos-EU\Debug\link.4920.write.1.tlog
C:\Users\dvm\Projets\CNOSSOS-EU\dev\Cnossos-EU\Cnossos-EU\Debug\link.4920-cvtres.read.1.tlog
C:\Users\dvm\Projets\CNOSSOS-EU\dev\Cnossos-EU\Cnossos-EU\Debug\link.4920-cvtres.write.1.tlog
C:\Users\dvm\Projets\CNOSSOS-EU\dev\Cnossos-EU\Cnossos-EU\Debug\link.5072.read.1.tlog
C:\Users\dvm\Projets\CNOSSOS-EU\dev\Cnossos-EU\Cnossos-EU\Debug\link.5072.write.1.tlog
C:\Users\dvm\Projets\CNOSSOS-EU\dev\Cnossos-EU\Cnossos-EU\Debug\link.5072-cvtres.read.1.tlog
C:\Users\dvm\Projets\CNOSSOS-EU\dev\Cnossos-EU\Cnossos-EU\Debug\link.5072-cvtres.write.1.tlog
C:\Users\dvm\Projets\CNOSSOS-EU\dev\Cnossos-EU\Cnossos-EU\Debug\link.5088.read.1.tlog
C:\Users\dvm\Projets\CNOSSOS-EU\dev\Cnossos-EU\Cnossos-EU\Debug\link.5088.write.1.tlog
C:\Users\dvm\Projets\CNOSSOS-EU\dev\Cnossos-EU\Cnossos-EU\Debug\link.5088-cvtres.read.1.tlog
C:\Users\dvm\Projets\CNOSSOS-EU\dev\Cnossos-EU\Cnossos-EU\Debug\link.5088-cvtres.write.1.tlog
C:\Users\dvm\Projets\CNOSSOS-EU\dev\Cnossos-EU\Cnossos-EU\Debug\link.5144.read.1.tlog
C:\Users\dvm\Projets\CNOSSOS-EU\dev\Cnossos-EU\Cnossos-EU\Debug\link.5144.write.1.tlog
C:\Users\dvm\Projets\CNOSSOS-EU\dev\Cnossos-EU\Cnossos-EU\Debug\link.5144-cvtres.read.1.tlog
C:\Users\dvm\Projets\CNOSSOS-EU\dev\Cnossos-EU\Cnossos-EU\Debug\link.5144-cvtres.write.1.tlog
C:\Users\dvm\Projets\CNOSSOS-EU\dev\Cnossos-EU\Cnossos-EU\Debug\link.5148.read.1.tlog
C:\Users\dvm\Projets\CNOSSOS-EU\dev\Cnossos-EU\Cnossos-EU\Debug\link.5148.write.1.tlog
C:\Users\dvm\Projets\CNOSSOS-EU\dev\Cnossos-EU\Cnossos-EU\Debug\link.5148-cvtres.read.1.tlog
C:\Users\dvm\Projets\CNOSSOS-EU\dev\Cnossos-EU\Cnossos-EU\Debug\link.5148-cvtres.write.1.tlog
C:\Users\dvm\Projets\CNOSSOS-EU\dev\Cnossos-EU\Cnossos-EU\Debug\link.5332.read.1.tlog
C:\Users\dvm\Projets\CNOSSOS-EU\dev\Cnossos-EU\Cnossos-EU\Debug\link.5332.write.1.tlog
C:\Users\dvm\Projets\CNOSSOS-EU\dev\Cnossos-EU\Cnossos-EU\Debug\link.5332-cvtres.read.1.tlog
C:\Users\dvm\Projets\CNOSSOS-EU\dev\Cnossos-EU\Cnossos-EU\Debug\link.5332-cvtres.write.1.tlog
C:\Users\dvm\Projets\CNOSSOS-EU\dev\Cnossos-EU\Cnossos-EU\Debug\link.5340.read.1.tlog
C:\Users\dvm\Projets\CNOSSOS-EU\dev\Cnossos-EU\Cnossos-EU\Debug\link.5340.write.1.tlog
C:\Users\dvm\Projets\CNOSSOS-EU\dev\Cnossos-EU\Cnossos-EU\Debug\link.5340-cvtres.read.1.tlog
C:\Users\dvm\Projets\CNOSSOS-EU\dev\Cnossos-EU\Cnossos-EU\Debug\link.5340-cvtres.write.1.tlog
C:\Users\dvm\Projets\CNOSSOS-EU\dev\Cnossos-EU\Cnossos-EU\Debug\link.5360.read.1.tlog
C:\Users\dvm\Projets\CNOSSOS-EU\dev\Cnossos-EU\Cnossos-EU\Debug\link.5360.write.1.tlog
C:\Users\dvm\Projets\CNOSSOS-EU\dev\Cnossos-EU\Cnossos-EU\Debug\link.5360-cvtres.read.1.tlog
C:\Users\dvm\Projets\CNOSSOS-EU\dev\Cnossos-EU\Cnossos-EU\Debug\link.5360-cvtres.write.1.tlog
C:\Users\dvm\Projets\CNOSSOS-EU\dev\Cnossos-EU\Cnossos-EU\Debug\link.5424.read.1.tlog
C:\Users\dvm\Projets\CNOSSOS-EU\dev\Cnossos-EU\Cnossos-EU\Debug\link.5424.write.1.tlog
C:\Users\dvm\Projets\CNOSSOS-EU\dev\Cnossos-EU\Cnossos-EU\Debug\link.5424-cvtres.read.1.tlog
C:\Users\dvm\Projets\CNOSSOS-EU\dev\Cnossos-EU\Cnossos-EU\Debug\link.5424-cvtres.write.1.tlog
C:\Users\dvm\Projets\CNOSSOS-EU\dev\Cnossos-EU\Cnossos-EU\Debug\link.5456.read.1.tlog
C:\Users\dvm\Projets\CNOSSOS-EU\dev\Cnossos-EU\Cnossos-EU\Debug\link.5456.write.1.tlog
C:\Users\dvm\Projets\CNOSSOS-EU\dev\Cnossos-EU\Cnossos-EU\Debug\link.5456-cvtres.read.1.tlog
C:\Users\dvm\Projets\CNOSSOS-EU\dev\Cnossos-EU\Cnossos-EU\Debug\link.5456-cvtres.write.1.tlog
C:\Users\dvm\Projets\CNOSSOS-EU\dev\Cnossos-EU\Cnossos-EU\Debug\link.5468.read.1.tlog
C:\Users\dvm\Projets\CNOSSOS-EU\dev\Cnossos-EU\Cnossos-EU\Debug\link.5468.write.1.tlog
C:\Users\dvm\Projets\CNOSSOS-EU\dev\Cnossos-EU\Cnossos-EU\Debug\link.5468-cvtres.read.1.tlog
C:\Users\dvm\Projets\CNOSSOS-EU\dev\Cnossos-EU\Cnossos-EU\Debug\link.5468-cvtres.write.1.tlog
C:\Users\dvm\Projets\CNOSSOS-EU\dev\Cnossos-EU\Cnossos-EU\Debug\link.5472.read.1.tlog
C:\Users\dvm\Projets\CNOSSOS-EU\dev\Cnossos-EU\Cnossos-EU\Debug\link.5472.write.1.tlog
C:\Users\dvm\Projets\CNOSSOS-EU\dev\Cnossos-EU\Cnossos-EU\Debug\link.5472-cvtres.read.1.tlog
C:\Users\dvm\Projets\CNOSSOS-EU\dev\Cnossos-EU\Cnossos-EU\Debug\link.5472-cvtres.write.1.tlog
C:\Users\dvm\Projets\CNOSSOS-EU\dev\Cnossos-EU\Cnossos-EU\Debug\link.5500.read.1.tlog
C:\Users\dvm\Projets\CNOSSOS-EU\dev\Cnossos-EU\Cnossos-EU\Debug\link.5500.write.1.tlog
C:\Users\dvm\Projets\CNOSSOS-EU\dev\Cnossos-EU\Cnossos-EU\Debug\link.5500-cvtres.read.1.tlog
C:\Users\dvm\Projets\CNOSSOS-EU\dev\Cnossos-EU\Cnossos-EU\Debug\link.5500-cvtres.write.1.tlog
C:\Users\dvm\Projets\CNOSSOS-EU\dev\Cnossos-EU\Cnossos-EU\Debug\link.5528.read.1.tlog
C:\Users\dvm\Projets\CNOSSOS-EU\dev\Cnossos-EU\Cnossos-EU\Debug\link.5528.write.1.tlog
C:\Users\dvm\Projets\CNOSSOS-EU\dev\Cnossos-EU\Cnossos-EU\Debug\link.5528-cvtres.read.1.tlog
C:\Users\dvm\Projets\CNOSSOS-EU\dev\Cnossos-EU\Cnossos-EU\Debug\link.5528-cvtres.write.1.tlog
C:\Users\dvm\Projets\CNOSSOS-EU\dev\Cnossos-EU\Cnossos-EU\Debug\link.5532.read.1.tlog
C:\Users\dvm\Projets\CNOSSOS-EU\dev\Cnossos-EU\Cnossos-EU\Debug\link.5532.write.1.tlog
C:\Users\dvm\Projets\CNOSSOS-EU\dev\Cnossos-EU\Cnossos-EU\Debug\link.5532-cvtres.read.1.tlog
C:\Users\dvm\Projets\CNOSSOS-EU\dev\Cnossos-EU\Cnossos-EU\Debug\link.5532-cvtres.write.1.tlog
C:\Users\dvm\Projets\CNOSSOS-EU\dev\Cnossos-EU\Cnossos-EU\Debug\link.5620.read.1.tlog
C:\Users\dvm\Projets\CNOSSOS-EU\dev\Cnossos-EU\Cnossos-EU\Debug\link.5620.write.1.tlog
C:\Users\dvm\Projets\CNOSSOS-EU\dev\Cnossos-EU\Cnossos-EU\Debug\link.5620-cvtres.read.1.tlog
C:\Users\dvm\Projets\CNOSSOS-EU\dev\Cnossos-EU\Cnossos-EU\Debug\link.5620-cvtres.write.1.tlog
C:\Users\dvm\Projets\CNOSSOS-EU\dev\Cnossos-EU\Cnossos-EU\Debug\link.5636.read.1.tlog
C:\Users\dvm\Projets\CNOSSOS-EU\dev\Cnossos-EU\Cnossos-EU\Debug\link.5636.write.1.tlog
C:\Users\dvm\Projets\CNOSSOS-EU\dev\Cnossos-EU\Cnossos-EU\Debug\link.5636-cvtres.read.1.tlog
C:\Users\dvm\Projets\CNOSSOS-EU\dev\Cnossos-EU\Cnossos-EU\Debug\link.5636-cvtres.write.1.tlog
C:\Users\dvm\Projets\CNOSSOS-EU\dev\Cnossos-EU\Cnossos-EU\Debug\link.5700.read.1.tlog
C:\Users\dvm\Projets\CNOSSOS-EU\dev\Cnossos-EU\Cnossos-EU\Debug\link.5700.write.1.tlog
C:\Users\dvm\Projets\CNOSSOS-EU\dev\Cnossos-EU\Cnossos-EU\Debug\link.5700-cvtres.read.1.tlog
C:\Users\dvm\Projets\CNOSSOS-EU\dev\Cnossos-EU\Cnossos-EU\Debug\link.5700-cvtres.write.1.tlog
C:\Users\dvm\Projets\CNOSSOS-EU\dev\Cnossos-EU\Cnossos-EU\Debug\link.5716.read.1.tlog
C:\Users\dvm\Projets\CNOSSOS-EU\dev\Cnossos-EU\Cnossos-EU\Debug\link.5716.write.1.tlog
C:\Users\dvm\Projets\CNOSSOS-EU\dev\Cnossos-EU\Cnossos-EU\Debug\link.5716-cvtres.read.1.tlog
C:\Users\dvm\Projets\CNOSSOS-EU\dev\Cnossos-EU\Cnossos-EU\Debug\link.5716-cvtres.write.1.tlog
C:\Users\dvm\Projets\CNOSSOS-EU\dev\Cnossos-EU\Cnossos-EU\Debug\link.5744.read.1.tlog
C:\Users\dvm\Projets\CNOSSOS-EU\dev\Cnossos-EU\Cnossos-EU\Debug\link.5744.write.1.tlog
C:\Users\dvm\Projets\CNOSSOS-EU\dev\Cnossos-EU\Cnossos-EU\Debug\link.5744-cvtres.read.1.tlog
C:\Users\dvm\Projets\CNOSSOS-EU\dev\Cnossos-EU\Cnossos-EU\Debug\link.5744-cvtres.write.1.tlog
C:\Users\dvm\Projets\CNOSSOS-EU\dev\Cnossos-EU\Cnossos-EU\Debug\link.5752.read.1.tlog
C:\Users\dvm\Projets\CNOSSOS-EU\dev\Cnossos-EU\Cnossos-EU\Debug\link.5752.write.1.tlog
C:\Users\dvm\Projets\CNOSSOS-EU\dev\Cnossos-EU\Cnossos-EU\Debug\link.5752-cvtres.read.1.tlog
C:\Users\dvm\Projets\CNOSSOS-EU\dev\Cnossos-EU\Cnossos-EU\Debug\link.5752-cvtres.write.1.tlog
C:\Users\dvm\Projets\CNOSSOS-EU\dev\Cnossos-EU\Cnossos-EU\Debug\link.5760.read.1.tlog
C:\Users\dvm\Projets\CNOSSOS-EU\dev\Cnossos-EU\Cnossos-EU\Debug\link.5760.write.1.tlog
C:\Users\dvm\Projets\CNOSSOS-EU\dev\Cnossos-EU\Cnossos-EU\Debug\link.5760-cvtres.read.1.tlog
C:\Users\dvm\Projets\CNOSSOS-EU\dev\Cnossos-EU\Cnossos-EU\Debug\link.5760-cvtres.write.1.tlog
C:\Users\dvm\Projets\CNOSSOS-EU\dev\Cnossos-EU\Cnossos-EU\Debug\link.5900.read.1.tlog
C:\Users\dvm\Projets\CNOSSOS-EU\dev\Cnossos-EU\Cnossos-EU\Debug\link.5900.write.1.tlog
C:\Users\dvm\Projets\CNOSSOS-EU\dev\Cnossos-EU\Cnossos-EU\Debug\link.5900-cvtres.read.1.tlog
C:\Users\dvm\Projets\CNOSSOS-EU\dev\Cnossos-EU\Cnossos-EU\Debug\link.5900-cvtres.write.1.tlog
C:\Users\dvm\Projets\CNOSSOS-EU\dev\Cnossos-EU\Cnossos-EU\Debug\link.5932.read.1.tlog
C:\Users\dvm\Projets\CNOSSOS-EU\dev\Cnossos-EU\Cnossos-EU\Debug\link.5932.write.1.tlog
C:\Users\dvm\Projets\CNOSSOS-EU\dev\Cnossos-EU\Cnossos-EU\Debug\link.5932-cvtres.read.1.tlog
C:\Users\dvm\Projets\CNOSSOS-EU\dev\Cnossos-EU\Cnossos-EU\Debug\link.5932-cvtres.write.1.tlog
C:\Users\dvm\Projets\CNOSSOS-EU\dev\Cnossos-EU\Cnossos-EU\Debug\link.5988.read.1.tlog
C:\Users\dvm\Projets\CNOSSOS-EU\dev\Cnossos-EU\Cnossos-EU\Debug\link.5988.write.1.tlog
C:\Users\dvm\Projets\CNOSSOS-EU\dev\Cnossos-EU\Cnossos-EU\Debug\link.5988-cvtres.read.1.tlog
C:\Users\dvm\Projets\CNOSSOS-EU\dev\Cnossos-EU\Cnossos-EU\Debug\link.5988-cvtres.write.1.tlog
C:\Users\dvm\Projets\CNOSSOS-EU\dev\Cnossos-EU\Cnossos-EU\Debug\link.6000.read.1.tlog
C:\Users\dvm\Projets\CNOSSOS-EU\dev\Cnossos-EU\Cnossos-EU\Debug\link.6000.write.1.tlog
C:\Users\dvm\Projets\CNOSSOS-EU\dev\Cnossos-EU\Cnossos-EU\Debug\link.6000-cvtres.read.1.tlog
C:\Users\dvm\Projets\CNOSSOS-EU\dev\Cnossos-EU\Cnossos-EU\Debug\link.6000-cvtres.write.1.tlog
C:\Users\dvm\Projets\CNOSSOS-EU\dev\Cnossos-EU\Cnossos-EU\Debug\link.6060.read.1.tlog
C:\Users\dvm\Projets\CNOSSOS-EU\dev\Cnossos-EU\Cnossos-EU\Debug\link.6060.write.1.tlog
C:\Users\dvm\Projets\CNOSSOS-EU\dev\Cnossos-EU\Cnossos-EU\Debug\link.6060-cvtres.read.1.tlog
C:\Users\dvm\Projets\CNOSSOS-EU\dev\Cnossos-EU\Cnossos-EU\Debug\link.6060-cvtres.write.1.tlog
C:\Users\dvm\Projets\CNOSSOS-EU\dev\Cnossos-EU\Cnossos-EU\Debug\link.6108.read.1.tlog
C:\Users\dvm\Projets\CNOSSOS-EU\dev\Cnossos-EU\Cnossos-EU\Debug\link.6108.write.1.tlog
C:\Users\dvm\Projets\CNOSSOS-EU\dev\Cnossos-EU\Cnossos-EU\Debug\link.6108-cvtres.read.1.tlog
C:\Users\dvm\Projets\CNOSSOS-EU\dev\Cnossos-EU\Cnossos-EU\Debug\link.6108-cvtres.write.1.tlog
C:\Users\dvm\Projets\CNOSSOS-EU\dev\Cnossos-EU\Cnossos-EU\Debug\link.6152.read.1.tlog
C:\Users\dvm\Projets\CNOSSOS-EU\dev\Cnossos-EU\Cnossos-EU\Debug\link.6152.write.1.tlog
C:\Users\dvm\Projets\CNOSSOS-EU\dev\Cnossos-EU\Cnossos-EU\Debug\link.6152-cvtres.read.1.tlog
C:\Users\dvm\Projets\CNOSSOS-EU\dev\Cnossos-EU\Cnossos-EU\Debug\link.6152-cvtres.write.1.tlog
C:\Users\dvm\Projets\CNOSSOS-EU\dev\Cnossos-EU\Cnossos-EU\Debug\link.6176.read.1.tlog
C:\Users\dvm\Projets\CNOSSOS-EU\dev\Cnossos-EU\Cnossos-EU\Debug\link.6176.write.1.tlog
C:\Users\dvm\Projets\CNOSSOS-EU\dev\Cnossos-EU\Cnossos-EU\Debug\link.6176-cvtres.read.1.tlog
C:\Users\dvm\Projets\CNOSSOS-EU\dev\Cnossos-EU\Cnossos-EU\Debug\link.6176-cvtres.write.1.tlog
C:\Users\dvm\Projets\CNOSSOS-EU\dev\Cnossos-EU\Cnossos-EU\Debug\link.6200.read.1.tlog
C:\Users\dvm\Projets\CNOSSOS-EU\dev\Cnossos-EU\Cnossos-EU\Debug\link.6200.write.1.tlog
C:\Users\dvm\Projets\CNOSSOS-EU\dev\Cnossos-EU\Cnossos-EU\Debug\link.6200-cvtres.read.1.tlog
C:\Users\dvm\Projets\CNOSSOS-EU\dev\Cnossos-EU\Cnossos-EU\Debug\link.6200-cvtres.write.1.tlog
C:\Users\dvm\Projets\CNOSSOS-EU\dev\Cnossos-EU\Cnossos-EU\Debug\link.6252.read.1.tlog
C:\Users\dvm\Projets\CNOSSOS-EU\dev\Cnossos-EU\Cnossos-EU\Debug\link.6252.write.1.tlog
C:\Users\dvm\Projets\CNOSSOS-EU\dev\Cnossos-EU\Cnossos-EU\Debug\link.6252-cvtres.read.1.tlog
C:\Users\dvm\Projets\CNOSSOS-EU\dev\Cnossos-EU\Cnossos-EU\Debug\link.6252-cvtres.write.1.tlog
C:\Users\dvm\Projets\CNOSSOS-EU\dev\Cnossos-EU\Cnossos-EU\Debug\link.6256.read.1.tlog
C:\Users\dvm\Projets\CNOSSOS-EU\dev\Cnossos-EU\Cnossos-EU\Debug\link.6256.write.1.tlog
C:\Users\dvm\Projets\CNOSSOS-EU\dev\Cnossos-EU\Cnossos-EU\Debug\link.6256-cvtres.read.1.tlog
C:\Users\dvm\Projets\CNOSSOS-EU\dev\Cnossos-EU\Cnossos-EU\Debug\link.6256-cvtres.write.1.tlog
C:\Users\dvm\Projets\CNOSSOS-EU\dev\Cnossos-EU\Cnossos-EU\Debug\link.6344.read.1.tlog
C:\Users\dvm\Projets\CNOSSOS-EU\dev\Cnossos-EU\Cnossos-EU\Debug\link.6344.write.1.tlog
C:\Users\dvm\Projets\CNOSSOS-EU\dev\Cnossos-EU\Cnossos-EU\Debug\link.6344-cvtres.read.1.tlog
C:\Users\dvm\Projets\CNOSSOS-EU\dev\Cnossos-EU\Cnossos-EU\Debug\link.6344-cvtres.write.1.tlog
C:\Users\dvm\Projets\CNOSSOS-EU\dev\Cnossos-EU\Cnossos-EU\Debug\link.6372.read.1.tlog
C:\Users\dvm\Projets\CNOSSOS-EU\dev\Cnossos-EU\Cnossos-EU\Debug\link.6372.write.1.tlog
C:\Users\dvm\Projets\CNOSSOS-EU\dev\Cnossos-EU\Cnossos-EU\Debug\link.6372-cvtres.read.1.tlog
C:\Users\dvm\Projets\CNOSSOS-EU\dev\Cnossos-EU\Cnossos-EU\Debug\link.6372-cvtres.write.1.tlog
C:\Users\dvm\Projets\CNOSSOS-EU\dev\Cnossos-EU\Cnossos-EU\Debug\link.6376.read.1.tlog
C:\Users\dvm\Projets\CNOSSOS-EU\dev\Cnossos-EU\Cnossos-EU\Debug\link.6376.write.1.tlog
C:\Users\dvm\Projets\CNOSSOS-EU\dev\Cnossos-EU\Cnossos-EU\Debug\link.6376-cvtres.read.1.tlog
C:\Users\dvm\Projets\CNOSSOS-EU\dev\Cnossos-EU\Cnossos-EU\Debug\link.6376-cvtres.write.1.tlog
C:\Users\dvm\Projets\CNOSSOS-EU\dev\Cnossos-EU\Cnossos-EU\Debug\link.6412.read.1.tlog
C:\Users\dvm\Projets\CNOSSOS-EU\dev\Cnossos-EU\Cnossos-EU\Debug\link.6412.write.1.tlog
C:\Users\dvm\Projets\CNOSSOS-EU\dev\Cnossos-EU\Cnossos-EU\Debug\link.6412-cvtres.read.1.tlog
C:\Users\dvm\Projets\CNOSSOS-EU\dev\Cnossos-EU\Cnossos-EU\Debug\link.6412-cvtres.write.1.tlog
C:\Users\dvm\Projets\CNOSSOS-EU\dev\Cnossos-EU\Cnossos-EU\Debug\link.6452.read.1.tlog
C:\Users\dvm\Projets\CNOSSOS-EU\dev\Cnossos-EU\Cnossos-EU\Debug\link.6452.write.1.tlog
C:\Users\dvm\Projets\CNOSSOS-EU\dev\Cnossos-EU\Cnossos-EU\Debug\link.6452-cvtres.read.1.tlog
C:\Users\dvm\Projets\CNOSSOS-EU\dev\Cnossos-EU\Cnossos-EU\Debug\link.6452-cvtres.write.1.tlog
C:\Users\dvm\Projets\CNOSSOS-EU\dev\Cnossos-EU\Cnossos-EU\Debug\link.6456.read.1.tlog
C:\Users\dvm\Projets\CNOSSOS-EU\dev\Cnossos-EU\Cnossos-EU\Debug\link.6456.write.1.tlog
C:\Users\dvm\Projets\CNOSSOS-EU\dev\Cnossos-EU\Cnossos-EU\Debug\link.6456-cvtres.read.1.tlog
C:\Users\dvm\Projets\CNOSSOS-EU\dev\Cnossos-EU\Cnossos-EU\Debug\link.6456-cvtres.write.1.tlog
C:\Users\dvm\Projets\CNOSSOS-EU\dev\Cnossos-EU\Cnossos-EU\Debug\link.6464.read.1.tlog
C:\Users\dvm\Projets\CNOSSOS-EU\dev\Cnossos-EU\Cnossos-EU\Debug\link.6464.write.1.tlog
C:\Users\dvm\Projets\CNOSSOS-EU\dev\Cnossos-EU\Cnossos-EU\Debug\link.6464-cvtres.read.1.tlog
C:\Users\dvm\Projets\CNOSSOS-EU\dev\Cnossos-EU\Cnossos-EU\Debug\link.6464-cvtres.write.1.tlog
C:\Users\dvm\Projets\CNOSSOS-EU\dev\Cnossos-EU\Cnossos-EU\Debug\link.6468.read.1.tlog
C:\Users\dvm\Projets\CNOSSOS-EU\dev\Cnossos-EU\Cnossos-EU\Debug\link.6468.write.1.tlog
C:\Users\dvm\Projets\CNOSSOS-EU\dev\Cnossos-EU\Cnossos-EU\Debug\link.6468-cvtres.read.1.tlog
C:\Users\dvm\Projets\CNOSSOS-EU\dev\Cnossos-EU\Cnossos-EU\Debug\link.6468-cvtres.write.1.tlog
C:\Users\dvm\Projets\CNOSSOS-EU\dev\Cnossos-EU\Cnossos-EU\Debug\link.6548.read.1.tlog
C:\Users\dvm\Projets\CNOSSOS-EU\dev\Cnossos-EU\Cnossos-EU\Debug\link.6548.write.1.tlog
C:\Users\dvm\Projets\CNOSSOS-EU\dev\Cnossos-EU\Cnossos-EU\Debug\link.6548-cvtres.read.1.tlog
C:\Users\dvm\Projets\CNOSSOS-EU\dev\Cnossos-EU\Cnossos-EU\Debug\link.6548-cvtres.write.1.tlog
C:\Users\dvm\Projets\CNOSSOS-EU\dev\Cnossos-EU\Cnossos-EU\Debug\link.6560.read.1.tlog
C:\Users\dvm\Projets\CNOSSOS-EU\dev\Cnossos-EU\Cnossos-EU\Debug\link.6560.write.1.tlog
C:\Users\dvm\Projets\CNOSSOS-EU\dev\Cnossos-EU\Cnossos-EU\Debug\link.6560-cvtres.read.1.tlog
C:\Users\dvm\Projets\CNOSSOS-EU\dev\Cnossos-EU\Cnossos-EU\Debug\link.6560-cvtres.write.1.tlog
C:\Users\dvm\Projets\CNOSSOS-EU\dev\Cnossos-EU\Cnossos-EU\Debug\link.6608.read.1.tlog
C:\Users\dvm\Projets\CNOSSOS-EU\dev\Cnossos-EU\Cnossos-EU\Debug\link.6608.write.1.tlog
C:\Users\dvm\Projets\CNOSSOS-EU\dev\Cnossos-EU\Cnossos-EU\Debug\link.6608-cvtres.read.1.tlog
C:\Users\dvm\Projets\CNOSSOS-EU\dev\Cnossos-EU\Cnossos-EU\Debug\link.6608-cvtres.write.1.tlog
C:\Users\dvm\Projets\CNOSSOS-EU\dev\Cnossos-EU\Cnossos-EU\Debug\link.6716.read.1.tlog
C:\Users\dvm\Projets\CNOSSOS-EU\dev\Cnossos-EU\Cnossos-EU\Debug\link.6716.write.1.tlog
C:\Users\dvm\Projets\CNOSSOS-EU\dev\Cnossos-EU\Cnossos-EU\Debug\link.6716-cvtres.read.1.tlog
C:\Users\dvm\Projets\CNOSSOS-EU\dev\Cnossos-EU\Cnossos-EU\Debug\link.6716-cvtres.write.1.tlog
C:\Users\dvm\Projets\CNOSSOS-EU\dev\Cnossos-EU\Cnossos-EU\Debug\link.6740.read.1.tlog
C:\Users\dvm\Projets\CNOSSOS-EU\dev\Cnossos-EU\Cnossos-EU\Debug\link.6740.write.1.tlog
C:\Users\dvm\Projets\CNOSSOS-EU\dev\Cnossos-EU\Cnossos-EU\Debug\link.6740-cvtres.read.1.tlog
C:\Users\dvm\Projets\CNOSSOS-EU\dev\Cnossos-EU\Cnossos-EU\Debug\link.6740-cvtres.write.1.tlog
C:\Users\dvm\Projets\CNOSSOS-EU\dev\Cnossos-EU\Cnossos-EU\Debug\link.6780.read.1.tlog
C:\Users\dvm\Projets\CNOSSOS-EU\dev\Cnossos-EU\Cnossos-EU\Debug\link.6780.write.1.tlog
C:\Users\dvm\Projets\CNOSSOS-EU\dev\Cnossos-EU\Cnossos-EU\Debug\link.6780-cvtres.read.1.tlog
C:\Users\dvm\Projets\CNOSSOS-EU\dev\Cnossos-EU\Cnossos-EU\Debug\link.6780-cvtres.write.1.tlog
C:\Users\dvm\Projets\CNOSSOS-EU\dev\Cnossos-EU\Cnossos-EU\Debug\link.6792.read.1.tlog
C:\Users\dvm\Projets\CNOSSOS-EU\dev\Cnossos-EU\Cnossos-EU\Debug\link.6792.write.1.tlog
C:\Users\dvm\Projets\CNOSSOS-EU\dev\Cnossos-EU\Cnossos-EU\Debug\link.6792-cvtres.read.1.tlog
C:\Users\dvm\Projets\CNOSSOS-EU\dev\Cnossos-EU\Cnossos-EU\Debug\link.6792-cvtres.write.1.tlog
C:\Users\dvm\Projets\CNOSSOS-EU\dev\Cnossos-EU\Cnossos-EU\Debug\link.6804.read.1.tlog
C:\Users\dvm\Projets\CNOSSOS-EU\dev\Cnossos-EU\Cnossos-EU\Debug\link.6804.write.1.tlog
C:\Users\dvm\Projets\CNOSSOS-EU\dev\Cnossos-EU\Cnossos-EU\Debug\link.6804-cvtres.read.1.tlog
C:\Users\dvm\Projets\CNOSSOS-EU\dev\Cnossos-EU\Cnossos-EU\Debug\link.6804-cvtres.write.1.tlog
C:\Users\dvm\Projets\CNOSSOS-EU\dev\Cnossos-EU\Cnossos-EU\Debug\link.6840.read.1.tlog
C:\Users\dvm\Projets\CNOSSOS-EU\dev\Cnossos-EU\Cnossos-EU\Debug\link.6840.write.1.tlog
C:\Users\dvm\Projets\CNOSSOS-EU\dev\Cnossos-EU\Cnossos-EU\Debug\link.6840-cvtres.read.1.tlog
C:\Users\dvm\Projets\CNOSSOS-EU\dev\Cnossos-EU\Cnossos-EU\Debug\link.6840-cvtres.write.1.tlog
C:\Users\dvm\Projets\CNOSSOS-EU\dev\Cnossos-EU\Cnossos-EU\Debug\link.7012.read.1.tlog
C:\Users\dvm\Projets\CNOSSOS-EU\dev\Cnossos-EU\Cnossos-EU\Debug\link.7012.write.1.tlog
C:\Users\dvm\Projets\CNOSSOS-EU\dev\Cnossos-EU\Cnossos-EU\Debug\link.7012-cvtres.read.1.tlog
C:\Users\dvm\Projets\CNOSSOS-EU\dev\Cnossos-EU\Cnossos-EU\Debug\link.7012-cvtres.write.1.tlog
C:\Users\dvm\Projets\CNOSSOS-EU\dev\Cnossos-EU\Cnossos-EU\Debug\link.7084.read.1.tlog
C:\Users\dvm\Projets\CNOSSOS-EU\dev\Cnossos-EU\Cnossos-EU\Debug\link.7084.write.1.tlog
C:\Users\dvm\Projets\CNOSSOS-EU\dev\Cnossos-EU\Cnossos-EU\Debug\link.7084-cvtres.read.1.tlog
C:\Users\dvm\Projets\CNOSSOS-EU\dev\Cnossos-EU\Cnossos-EU\Debug\link.7084-cvtres.write.1.tlog
C:\Users\dvm\Projets\CNOSSOS-EU\dev\Cnossos-EU\Cnossos-EU\Debug\link.7204.read.1.tlog
C:\Users\dvm\Projets\CNOSSOS-EU\dev\Cnossos-EU\Cnossos-EU\Debug\link.7204.write.1.tlog
C:\Users\dvm\Projets\CNOSSOS-EU\dev\Cnossos-EU\Cnossos-EU\Debug\link.7204-cvtres.read.1.tlog
C:\Users\dvm\Projets\CNOSSOS-EU\dev\Cnossos-EU\Cnossos-EU\Debug\link.7204-cvtres.write.1.tlog
C:\Users\dvm\Projets\CNOSSOS-EU\dev\Cnossos-EU\Cnossos-EU\Debug\link.7240.read.1.tlog
C:\Users\dvm\Projets\CNOSSOS-EU\dev\Cnossos-EU\Cnossos-EU\Debug\link.7240.write.1.tlog
C:\Users\dvm\Projets\CNOSSOS-EU\dev\Cnossos-EU\Cnossos-EU\Debug\link.7240-cvtres.read.1.tlog
C:\Users\dvm\Projets\CNOSSOS-EU\dev\Cnossos-EU\Cnossos-EU\Debug\link.7240-cvtres.write.1.tlog
C:\Users\dvm\Projets\CNOSSOS-EU\dev\Cnossos-EU\Cnossos-EU\Debug\link.7272.read.1.tlog
C:\Users\dvm\Projets\CNOSSOS-EU\dev\Cnossos-EU\Cnossos-EU\Debug\link.7272.write.1.tlog
C:\Users\dvm\Projets\CNOSSOS-EU\dev\Cnossos-EU\Cnossos-EU\Debug\link.7272-cvtres.read.1.tlog
C:\Users\dvm\Projets\CNOSSOS-EU\dev\Cnossos-EU\Cnossos-EU\Debug\link.7272-cvtres.write.1.tlog
C:\Users\dvm\Projets\CNOSSOS-EU\dev\Cnossos-EU\Cnossos-EU\Debug\link.7304.read.1.tlog
C:\Users\dvm\Projets\CNOSSOS-EU\dev\Cnossos-EU\Cnossos-EU\Debug\link.7304.write.1.tlog
C:\Users\dvm\Projets\CNOSSOS-EU\dev\Cnossos-EU\Cnossos-EU\Debug\link.7304-cvtres.read.1.tlog
C:\Users\dvm\Projets\CNOSSOS-EU\dev\Cnossos-EU\Cnossos-EU\Debug\link.7304-cvtres.write.1.tlog
C:\Users\dvm\Projets\CNOSSOS-EU\dev\Cnossos-EU\Cnossos-EU\Debug\link.7308.read.1.tlog
C:\Users\dvm\Projets\CNOSSOS-EU\dev\Cnossos-EU\Cnossos-EU\Debug\link.7308.write.1.tlog
C:\Users\dvm\Projets\CNOSSOS-EU\dev\Cnossos-EU\Cnossos-EU\Debug\link.7308-cvtres.read.1.tlog
C:\Users\dvm\Projets\CNOSSOS-EU\dev\Cnossos-EU\Cnossos-EU\Debug\link.7308-cvtres.write.1.tlog
C:\Users\dvm\Projets\CNOSSOS-EU\dev\Cnossos-EU\Cnossos-EU\Debug\link.7340.read.1.tlog
C:\Users\dvm\Projets\CNOSSOS-EU\dev\Cnossos-EU\Cnossos-EU\Debug\link.7340.write.1.tlog
C:\Users\dvm\Projets\CNOSSOS-EU\dev\Cnossos-EU\Cnossos-EU\Debug\link.7340-cvtres.read.1.tlog
C:\Users\dvm\Projets\CNOSSOS-EU\dev\Cnossos-EU\Cnossos-EU\Debug\link.7340-cvtres.write.1.tlog
C:\Users\dvm\Projets\CNOSSOS-EU\dev\Cnossos-EU\Cnossos-EU\Debug\link.7504.read.1.tlog
C:\Users\dvm\Projets\CNOSSOS-EU\dev\Cnossos-EU\Cnossos-EU\Debug\link.7504.write.1.tlog
C:\Users\dvm\Projets\CNOSSOS-EU\dev\Cnossos-EU\Cnossos-EU\Debug\link.7504-cvtres.read.1.tlog
C:\Users\dvm\Projets\CNOSSOS-EU\dev\Cnossos-EU\Cnossos-EU\Debug\link.7504-cvtres.write.1.tlog
C:\Users\dvm\Projets\CNOSSOS-EU\dev\Cnossos-EU\Cnossos-EU\Debug\link.7536.read.1.tlog
C:\Users\dvm\Projets\CNOSSOS-EU\dev\Cnossos-EU\Cnossos-EU\Debug\link.7536.write.1.tlog
C:\Users\dvm\Projets\CNOSSOS-EU\dev\Cnossos-EU\Cnossos-EU\Debug\link.7536-cvtres.read.1.tlog
C:\Users\dvm\Projets\CNOSSOS-EU\dev\Cnossos-EU\Cnossos-EU\Debug\link.7536-cvtres.write.1.tlog
C:\Users\dvm\Projets\CNOSSOS-EU\dev\Cnossos-EU\Cnossos-EU\Debug\link.7552.read.1.tlog
C:\Users\dvm\Projets\CNOSSOS-EU\dev\Cnossos-EU\Cnossos-EU\Debug\link.7552.write.1.tlog
C:\Users\dvm\Projets\CNOSSOS-EU\dev\Cnossos-EU\Cnossos-EU\Debug\link.7552-cvtres.read.1.tlog
C:\Users\dvm\Projets\CNOSSOS-EU\dev\Cnossos-EU\Cnossos-EU\Debug\link.7552-cvtres.write.1.tlog
C:\Users\dvm\Projets\CNOSSOS-EU\dev\Cnossos-EU\Cnossos-EU\Debug\link.7572.read.1.tlog
C:\Users\dvm\Projets\CNOSSOS-EU\dev\Cnossos-EU\Cnossos-EU\Debug\link.7572.write.1.tlog
C:\Users\dvm\Projets\CNOSSOS-EU\dev\Cnossos-EU\Cnossos-EU\Debug\link.7572-cvtres.read.1.tlog
C:\Users\dvm\Projets\CNOSSOS-EU\dev\Cnossos-EU\Cnossos-EU\Debug\link.7572-cvtres.write.1.tlog
C:\Users\dvm\Projets\CNOSSOS-EU\dev\Cnossos-EU\Cnossos-EU\Debug\link.7576.read.1.tlog
C:\Users\dvm\Projets\CNOSSOS-EU\dev\Cnossos-EU\Cnossos-EU\Debug\link.7576.write.1.tlog
C:\Users\dvm\Projets\CNOSSOS-EU\dev\Cnossos-EU\Cnossos-EU\Debug\link.7576-cvtres.read.1.tlog
C:\Users\dvm\Projets\CNOSSOS-EU\dev\Cnossos-EU\Cnossos-EU\Debug\link.7576-cvtres.write.1.tlog
C:\Users\dvm\Projets\CNOSSOS-EU\dev\Cnossos-EU\Cnossos-EU\Debug\link.7632.read.1.tlog
C:\Users\dvm\Projets\CNOSSOS-EU\dev\Cnossos-EU\Cnossos-EU\Debug\link.7632.write.1.tlog
C:\Users\dvm\Projets\CNOSSOS-EU\dev\Cnossos-EU\Cnossos-EU\Debug\link.7632-cvtres.read.1.tlog
C:\Users\dvm\Projets\CNOSSOS-EU\dev\Cnossos-EU\Cnossos-EU\Debug\link.7632-cvtres.write.1.tlog
C:\Users\dvm\Projets\CNOSSOS-EU\dev\Cnossos-EU\Cnossos-EU\Debug\link.7680.read.1.tlog
C:\Users\dvm\Projets\CNOSSOS-EU\dev\Cnossos-EU\Cnossos-EU\Debug\link.7680.write.1.tlog
C:\Users\dvm\Projets\CNOSSOS-EU\dev\Cnossos-EU\Cnossos-EU\Debug\link.7680-cvtres.read.1.tlog
C:\Users\dvm\Projets\CNOSSOS-EU\dev\Cnossos-EU\Cnossos-EU\Debug\link.7680-cvtres.write.1.tlog
C:\Users\dvm\Projets\CNOSSOS-EU\dev\Cnossos-EU\Cnossos-EU\Debug\link.7688.read.1.tlog
C:\Users\dvm\Projets\CNOSSOS-EU\dev\Cnossos-EU\Cnossos-EU\Debug\link.7688.write.1.tlog
C:\Users\dvm\Projets\CNOSSOS-EU\dev\Cnossos-EU\Cnossos-EU\Debug\link.7688-cvtres.read.1.tlog
C:\Users\dvm\Projets\CNOSSOS-EU\dev\Cnossos-EU\Cnossos-EU\Debug\link.7688-cvtres.write.1.tlog
C:\Users\dvm\Projets\CNOSSOS-EU\dev\Cnossos-EU\Cnossos-EU\Debug\link.7692.read.1.tlog
C:\Users\dvm\Projets\CNOSSOS-EU\dev\Cnossos-EU\Cnossos-EU\Debug\link.7692.write.1.tlog
C:\Users\dvm\Projets\CNOSSOS-EU\dev\Cnossos-EU\Cnossos-EU\Debug\link.7692-cvtres.read.1.tlog
C:\Users\dvm\Projets\CNOSSOS-EU\dev\Cnossos-EU\Cnossos-EU\Debug\link.7692-cvtres.write.1.tlog
C:\Users\dvm\Projets\CNOSSOS-EU\dev\Cnossos-EU\Cnossos-EU\Debug\link.7760.read.1.tlog
C:\Users\dvm\Projets\CNOSSOS-EU\dev\Cnossos-EU\Cnossos-EU\Debug\link.7760.write.1.tlog
C:\Users\dvm\Projets\CNOSSOS-EU\dev\Cnossos-EU\Cnossos-EU\Debug\link.7760-cvtres.read.1.tlog
C:\Users\dvm\Projets\CNOSSOS-EU\dev\Cnossos-EU\Cnossos-EU\Debug\link.7760-cvtres.write.1.tlog
C:\Users\dvm\Projets\CNOSSOS-EU\dev\Cnossos-EU\Cnossos-EU\Debug\link.7788.read.1.tlog
C:\Users\dvm\Projets\CNOSSOS-EU\dev\Cnossos-EU\Cnossos-EU\Debug\link.7788.write.1.tlog
C:\Users\dvm\Projets\CNOSSOS-EU\dev\Cnossos-EU\Cnossos-EU\Debug\link.7788-cvtres.read.1.tlog
C:\Users\dvm\Projets\CNOSSOS-EU\dev\Cnossos-EU\Cnossos-EU\Debug\link.7788-cvtres.write.1.tlog
C:\Users\dvm\Projets\CNOSSOS-EU\dev\Cnossos-EU\Cnossos-EU\Debug\link.7796.read.1.tlog
C:\Users\dvm\Projets\CNOSSOS-EU\dev\Cnossos-EU\Cnossos-EU\Debug\link.7796.write.1.tlog
C:\Users\dvm\Projets\CNOSSOS-EU\dev\Cnossos-EU\Cnossos-EU\Debug\link.7796-cvtres.read.1.tlog
C:\Users\dvm\Projets\CNOSSOS-EU\dev\Cnossos-EU\Cnossos-EU\Debug\link.7796-cvtres.write.1.tlog
C:\Users\dvm\Projets\CNOSSOS-EU\dev\Cnossos-EU\Cnossos-EU\Debug\link.7824.read.1.tlog
C:\Users\dvm\Projets\CNOSSOS-EU\dev\Cnossos-EU\Cnossos-EU\Debug\link.7824.write.1.tlog
C:\Users\dvm\Projets\CNOSSOS-EU\dev\Cnossos-EU\Cnossos-EU\Debug\link.7824-cvtres.read.1.tlog
C:\Users\dvm\Projets\CNOSSOS-EU\dev\Cnossos-EU\Cnossos-EU\Debug\link.7824-cvtres.write.1.tlog
C:\Users\dvm\Projets\CNOSSOS-EU\dev\Cnossos-EU\Cnossos-EU\Debug\link.7844.read.1.tlog
C:\Users\dvm\Projets\CNOSSOS-EU\dev\Cnossos-EU\Cnossos-EU\Debug\link.7844.write.1.tlog
C:\Users\dvm\Projets\CNOSSOS-EU\dev\Cnossos-EU\Cnossos-EU\Debug\link.7844-cvtres.read.1.tlog
C:\Users\dvm\Projets\CNOSSOS-EU\dev\Cnossos-EU\Cnossos-EU\Debug\link.7844-cvtres.write.1.tlog
C:\Users\dvm\Projets\CNOSSOS-EU\dev\Cnossos-EU\Cnossos-EU\Debug\link.7928.read.1.tlog
C:\Users\dvm\Projets\CNOSSOS-EU\dev\Cnossos-EU\Cnossos-EU\Debug\link.7928.write.1.tlog
C:\Users\dvm\Projets\CNOSSOS-EU\dev\Cnossos-EU\Cnossos-EU\Debug\link.7928-cvtres.read.1.tlog
C:\Users\dvm\Projets\CNOSSOS-EU\dev\Cnossos-EU\Cnossos-EU\Debug\link.7928-cvtres.write.1.tlog
C:\Users\dvm\Projets\CNOSSOS-EU\dev\Cnossos-EU\Cnossos-EU\Debug\link.7944.read.1.tlog
C:\Users\dvm\Projets\CNOSSOS-EU\dev\Cnossos-EU\Cnossos-EU\Debug\link.7944.write.1.tlog
C:\Users\dvm\Projets\CNOSSOS-EU\dev\Cnossos-EU\Cnossos-EU\Debug\link.7944-cvtres.read.1.tlog
C:\Users\dvm\Projets\CNOSSOS-EU\dev\Cnossos-EU\Cnossos-EU\Debug\link.7944-cvtres.write.1.tlog
C:\Users\dvm\Projets\CNOSSOS-EU\dev\Cnossos-EU\Cnossos-EU\Debug\link.7972.read.1.tlog
C:\Users\dvm\Projets\CNOSSOS-EU\dev\Cnossos-EU\Cnossos-EU\Debug\link.7972.write.1.tlog
C:\Users\dvm\Projets\CNOSSOS-EU\dev\Cnossos-EU\Cnossos-EU\Debug\link.7972-cvtres.read.1.tlog
C:\Users\dvm\Projets\CNOSSOS-EU\dev\Cnossos-EU\Cnossos-EU\Debug\link.7972-cvtres.write.1.tlog
C:\Users\dvm\Projets\CNOSSOS-EU\dev\Cnossos-EU\Cnossos-EU\Debug\link.8000.read.1.tlog
C:\Users\dvm\Projets\CNOSSOS-EU\dev\Cnossos-EU\Cnossos-EU\Debug\link.8000.write.1.tlog
C:\Users\dvm\Projets\CNOSSOS-EU\dev\Cnossos-EU\Cnossos-EU\Debug\link.8000-cvtres.read.1.tlog
C:\Users\dvm\Projets\CNOSSOS-EU\dev\Cnossos-EU\Cnossos-EU\Debug\link.8000-cvtres.write.1.tlog
C:\Users\dvm\Projets\CNOSSOS-EU\dev\Cnossos-EU\Cnossos-EU\Debug\link.8084.read.1.tlog
C:\Users\dvm\Projets\CNOSSOS-EU\dev\Cnossos-EU\Cnossos-EU\Debug\link.8084.write.1.tlog
C:\Users\dvm\Projets\CNOSSOS-EU\dev\Cnossos-EU\Cnossos-EU\Debug\link.8084-cvtres.read.1.tlog
C:\Users\dvm\Projets\CNOSSOS-EU\dev\Cnossos-EU\Cnossos-EU\Debug\link.8084-cvtres.write.1.tlog
C:\Users\dvm\Projets\CNOSSOS-EU\dev\Cnossos-EU\Cnossos-EU\Debug\link.8212.read.1.tlog
C:\Users\dvm\Projets\CNOSSOS-EU\dev\Cnossos-EU\Cnossos-EU\Debug\link.8212.write.1.tlog
C:\Users\dvm\Projets\CNOSSOS-EU\dev\Cnossos-EU\Cnossos-EU\Debug\link.8212-cvtres.read.1.tlog
C:\Users\dvm\Projets\CNOSSOS-EU\dev\Cnossos-EU\Cnossos-EU\Debug\link.8212-cvtres.write.1.tlog
C:\Users\dvm\Projets\CNOSSOS-EU\dev\Cnossos-EU\Cnossos-EU\Debug\link.8348.read.1.tlog
C:\Users\dvm\Projets\CNOSSOS-EU\dev\Cnossos-EU\Cnossos-EU\Debug\link.8348.write.1.tlog
C:\Users\dvm\Projets\CNOSSOS-EU\dev\Cnossos-EU\Cnossos-EU\Debug\link.8348-cvtres.read.1.tlog
C:\Users\dvm\Projets\CNOSSOS-EU\dev\Cnossos-EU\Cnossos-EU\Debug\link.8348-cvtres.write.1.tlog
C:\Users\dvm\Projets\CNOSSOS-EU\dev\Cnossos-EU\Cnossos-EU\Debug\link.8368.read.1.tlog
C:\Users\dvm\Projets\CNOSSOS-EU\dev\Cnossos-EU\Cnossos-EU\Debug\link.8368.write.1.tlog
C:\Users\dvm\Projets\CNOSSOS-EU\dev\Cnossos-EU\Cnossos-EU\Debug\link.8368-cvtres.read.1.tlog
C:\Users\dvm\Projets\CNOSSOS-EU\dev\Cnossos-EU\Cnossos-EU\Debug\link.8368-cvtres.write.1.tlog
C:\Users\dvm\Projets\CNOSSOS-EU\dev\Cnossos-EU\Cnossos-EU\Debug\link.8844.read.1.tlog
C:\Users\dvm\Projets\CNOSSOS-EU\dev\Cnossos-EU\Cnossos-EU\Debug\link.8844.write.1.tlog
C:\Users\dvm\Projets\CNOSSOS-EU\dev\Cnossos-EU\Cnossos-EU\Debug\link.8844-cvtres.read.1.tlog
C:\Users\dvm\Projets\CNOSSOS-EU\dev\Cnossos-EU\Cnossos-EU\Debug\link.8844-cvtres.write.1.tlog
C:\Users\dvm\Projets\CNOSSOS-EU\dev\Cnossos-EU\Cnossos-EU\Debug\link.8860.read.1.tlog
C:\Users\dvm\Projets\CNOSSOS-EU\dev\Cnossos-EU\Cnossos-EU\Debug\link.8860.write.1.tlog
C:\Users\dvm\Projets\CNOSSOS-EU\dev\Cnossos-EU\Cnossos-EU\Debug\link.8860-cvtres.read.1.tlog
C:\Users\dvm\Projets\CNOSSOS-EU\dev\Cnossos-EU\Cnossos-EU\Debug\link.8860-cvtres.write.1.tlog
C:\Users\dvm\Projets\CNOSSOS-EU\dev\Cnossos-EU\Cnossos-EU\Debug\link.8952.read.1.tlog
C:\Users\dvm\Projets\CNOSSOS-EU\dev\Cnossos-EU\Cnossos-EU\Debug\link.8952.write.1.tlog
C:\Users\dvm\Projets\CNOSSOS-EU\dev\Cnossos-EU\Cnossos-EU\Debug\link.8952-cvtres.read.1.tlog
C:\Users\dvm\Projets\CNOSSOS-EU\dev\Cnossos-EU\Cnossos-EU\Debug\link.8952-cvtres.write.1.tlog
C:\Users\dvm\Projets\CNOSSOS-EU\dev\Cnossos-EU\Cnossos-EU\Debug\link.9096.read.1.tlog
C:\Users\dvm\Projets\CNOSSOS-EU\dev\Cnossos-EU\Cnossos-EU\Debug\link.9096.write.1.tlog
C:\Users\dvm\Projets\CNOSSOS-EU\dev\Cnossos-EU\Cnossos-EU\Debug\link.9096-cvtres.read.1.tlog
C:\Users\dvm\Projets\CNOSSOS-EU\dev\Cnossos-EU\Cnossos-EU\Debug\link.9096-cvtres.write.1.tlog
C:\Users\dvm\Projets\CNOSSOS-EU\dev\Cnossos-EU\Cnossos-EU\Debug\link.command.1.tlog
C:\Users\dvm\Projets\CNOSSOS-EU\dev\Cnossos-EU\Cnossos-EU\Debug\link.read.1.tlog
C:\Users\dvm\Projets\CNOSSOS-EU\dev\Cnossos-EU\Cnossos-EU\Debug\link.write.1.tlog
C:\Users\dvm\Projets\CNOSSOS-EU\dev\Cnossos-EU\Cnossos-EU\Debug\link-cvtres.read.1.tlog
C:\Users\dvm\Projets\CNOSSOS-EU\dev\Cnossos-EU\Cnossos-EU\Debug\link-cvtres.write.1.tlog
C:\Users\dvm\Projets\CNOSSOS-EU\dev\Cnossos-EU\Cnossos-EU\Debug\mt.command.1.tlog
C:\Users\dvm\Projets\CNOSSOS-EU\dev\Cnossos-EU\Cnossos-EU\Debug\mt.read.1.tlog
C:\Users\dvm\Projets\CNOSSOS-EU\dev\Cnossos-EU\Cnossos-EU\Debug\mt.write.1.tlog
C:\Users\dvm\Projets\CNOSSOS-EU\dev\Cnossos-EU\Cnossos-EU\Debug\rc.command.1.tlog
C:\Users\dvm\Projets\CNOSSOS-EU\dev\Cnossos-EU\Cnossos-EU\Debug\rc.read.1.tlog
C:\Users\dvm\Projets\CNOSSOS-EU\dev\Cnossos-EU\Cnossos-EU\Debug\rc.write.1.tlog
C:\USERS\DVM\PROJETS\CNOSSOS-EU\DEV\CNOSSOS-EU\CNOSSOS-EU\DEBUG\STDAFX.OBJ
C:\Users\dvm\Projets\CNOSSOS-EU\dev\Cnossos-EU\Cnossos-EU\Debug\vc100.idb
C:\USERS\DVM\PROJETS\CNOSSOS-EU\DEV\CNOSSOS-EU\CNOSSOS-EU\DEBUG\VC100.PDB
C:\Users\dvm\Projets\CNOSSOS-EU\dev\Cnossos-EU\Debug\Cnossos-EU.pdb
