La génération a démarré 5/13/2014 5:06:01 PM.
     1>Projet "C:\Users\dvm\Projets\CNOSSOS-EU\dev\CnossosPropagation\CnossosPropagation.vcxproj" sur le nœud 2 (build cible(s)).
     1>InitializeBuildStatus:
         Création de "Release\CnossosPropagation.unsuccessfulbuild", car "AlwaysCreate" a été spécifié.
       ClCompile:
         Toutes les sorties sont à jour.
         Toutes les sorties sont à jour.
         Toutes les sorties sont à jour.
       Link:
         c:\Program Files (x86)\Microsoft Visual Studio 10.0\VC\bin\link.exe /ERRORREPORT:PROMPT /OUT:"C:\Users\dvm\Projets\CNOSSOS-EU\dev\Release\CnossosPropagation.dll" /INCREMENTAL:NO /NOLOGO "C:\Users\dvm\Projets\CNOSSOS-EU\dev\Release\\PropagationPath.lib" "C:\Users\dvm\Projets\CNOSSOS-EU\dev\Release\\HarmonoiseP2P.lib" "C:\Users\dvm\Projets\CNOSSOS-EU\dev\Release\\SimpleXML.lib" kernel32.lib user32.lib gdi32.lib winspool.lib comdlg32.lib advapi32.lib shell32.lib ole32.lib oleaut32.lib uuid.lib odbc32.lib odbccp32.lib /MANIFEST /ManifestFile:"Release\CnossosPropagation.dll.intermediate.manifest" /MANIFESTUAC:"level='asInvoker' uiAccess='false'" /DEBUG /PDB:"C:\Users\dvm\Projets\CNOSSOS-EU\dev\Release\CnossosPropagation.pdb" /SUBSYSTEM:WINDOWS /OPT:REF /OPT:ICF /LTCG /TLBID:1 /DYNAMICBASE /NXCOMPAT /IMPLIB:"C:\Users\dvm\Projets\CNOSSOS-EU\dev\Release\CnossosPropagation.lib" /MACHINE:X86 /DLL Release\CnossosPropagation.obj
         Release\dllmain.obj
         Release\stdafx.obj
            Création de la bibliothèque C:\Users\dvm\Projets\CNOSSOS-EU\dev\Release\CnossosPropagation.lib et de l'objet C:\Users\dvm\Projets\CNOSSOS-EU\dev\Release\CnossosPropagation.exp
         Génération de code en cours
         Fin de la génération du code
         CnossosPropagation.vcxproj -> C:\Users\dvm\Projets\CNOSSOS-EU\dev\Release\CnossosPropagation.dll
       Manifest:
         C:\Program Files (x86)\Microsoft SDKs\Windows\v7.0A\bin\mt.exe /nologo /verbose /outputresource:"C:\Users\dvm\Projets\CNOSSOS-EU\dev\Release\CnossosPropagation.dll;#2" /manifest Release\CnossosPropagation.dll.intermediate.manifest
       FinalizeBuildStatus:
         Suppression du fichier "Release\CnossosPropagation.unsuccessfulbuild".
         Mise à jour de l'horodatage "Release\CnossosPropagation.lastbuildstate".
     1>Génération du projet "C:\Users\dvm\Projets\CNOSSOS-EU\dev\CnossosPropagation\CnossosPropagation.vcxproj" terminée (build cible(s)).

La génération a réussi.

Temps écoulé 00:00:02.73
